#
# A fatal error has been detected by the Java Runtime Environment:
#
#  EXCEPTION_ACCESS_VIOLATION (0xc0000005) at pc=0x000001ab7a1b1066, pid=10304, tid=10040
#
# JRE version: OpenJDK Runtime Environment AdoptOpenJDK (11.0.10+9) (build 11.0.10+9)
# Java VM: OpenJDK 64-Bit Server VM AdoptOpenJDK (11.0.10+9, mixed mode, tiered, compressed oops, g1 gc, windows-amd64)
# Problematic frame:
# C  [OpenAL64.dll+0x11066]
#
# No core dump will be written. Minidumps are not enabled by default on client versions of Windows
#
# If you would like to submit a bug report, please visit:
#   https://github.com/AdoptOpenJDK/openjdk-support/issues
# The crash happened outside the Java Virtual Machine in native code.
# See problematic frame for where to report the bug.
#

---------------  S U M M A R Y ------------

Command Line: -Duser.language=es_AR -Dfile.encoding=UTF-8 org.uqbar.project.wollok.launch.WollokLauncher -requestsPort 0 -eventsPort 0 -folder -dontValidate -coercingStrategy decimals -wf src/juego.wpgm -darkMode

Host: AMD Ryzen 5 3500U with Radeon Vega Mobile Gfx  , 8 cores, 17G,  Windows 10 , 64 bit Build 19041 (10.0.19041.928)
Time: Wed Jun  2 17:08:49 2021 Hora estándar de Argentina elapsed time: 5.445187 seconds (0d 0h 0m 5s)

---------------  T H R E A D  ---------------

Current thread (0x000001ab4dd40800):  JavaThread "main" [_thread_in_native, id=10040, stack(0x0000007e5ff00000,0x0000007e60000000)]

Stack: [0x0000007e5ff00000,0x0000007e60000000],  sp=0x0000007e5fffcc90,  free space=1011k
Native frames: (J=compiled Java code, j=interpreted, Vv=VM code, C=native code)
C  [OpenAL64.dll+0x11066]

Java frames: (J=compiled Java code, j=interpreted, Vv=VM code)
j  org.lwjgl.openal.ALC10.nalcCreateContext(JJ)J+0
j  org.lwjgl.openal.ALC10.alcCreateContext(Lorg/lwjgl/openal/ALCdevice;Ljava/nio/IntBuffer;)Lorg/lwjgl/openal/ALCcontext;+8
j  org.lwjgl.openal.AL.init(Ljava/lang/String;IIZZ)V+69
j  org.lwjgl.openal.AL.create(Ljava/lang/String;IIZZ)V+246
j  org.lwjgl.openal.AL.create(Ljava/lang/String;IIZ)V+5
j  org.lwjgl.openal.AL.create()V+6
j  com.badlogic.gdx.backends.lwjgl.audio.OpenALAudio.<init>(III)V+114
j  com.badlogic.gdx.backends.lwjgl.LwjglApplication.<init>(Lcom/badlogic/gdx/ApplicationListener;Lcom/badlogic/gdx/backends/lwjgl/LwjglApplicationConfiguration;Lcom/badlogic/gdx/backends/lwjgl/LwjglGraphics;)V+120
j  com.badlogic.gdx.backends.lwjgl.LwjglApplication.<init>(Lcom/badlogic/gdx/ApplicationListener;Lcom/badlogic/gdx/backends/lwjgl/LwjglApplicationConfiguration;)V+11
j  org.uqbar.project.wollok.game.gameboard.WollokGDXApplication.<init>(Lorg/uqbar/project/wollok/game/gameboard/Gameboard;Ljava/lang/Boolean;)V+17
j  org.uqbar.project.wollok.game.helpers.Application.start(Lorg/uqbar/project/wollok/game/gameboard/Gameboard;Ljava/lang/Boolean;)V+5
j  org.uqbar.project.wollok.game.gameboard.Gameboard.start(Ljava/lang/Boolean;)V+13
j  wollok.game.GameObject.doStart(Ljava/lang/Boolean;)V+12
v  ~StubRoutines::call_stub
j  jdk.internal.reflect.NativeMethodAccessorImpl.invoke0(Ljava/lang/reflect/Method;Ljava/lang/Object;[Ljava/lang/Object;)Ljava/lang/Object;+0 java.base@11.0.10
j  jdk.internal.reflect.NativeMethodAccessorImpl.invoke(Ljava/lang/Object;[Ljava/lang/Object;)Ljava/lang/Object;+100 java.base@11.0.10
J 2914 c1 jdk.internal.reflect.DelegatingMethodAccessorImpl.invoke(Ljava/lang/Object;[Ljava/lang/Object;)Ljava/lang/Object; java.base@11.0.10 (10 bytes) @ 0x000001ab5878864c [0x000001ab58788540+0x000000000000010c]
J 2913 c1 java.lang.reflect.Method.invoke(Ljava/lang/Object;[Ljava/lang/Object;)Ljava/lang/Object; java.base@11.0.10 (65 bytes) @ 0x000001ab587880e4 [0x000001ab58787da0+0x0000000000000344]
j  org.uqbar.project.wollok.ui.utils.XTendUtilExtensions.invokeConvertingArgs(Ljava/lang/reflect/Method;Ljava/lang/Object;[Ljava/lang/Object;)Lorg/uqbar/project/wollok/interpreter/core/WollokObject;+261
j  org.uqbar.project.wollok.interpreter.AbstractWollokCallable._invokeNative(Ljava/lang/Object;Ljava/lang/String;[Lorg/uqbar/project/wollok/interpreter/core/WollokObject;)Lorg/uqbar/project/wollok/interpreter/core/WollokObject;+41
j  org.uqbar.project.wollok.interpreter.AbstractWollokCallable.invokeNative(Ljava/lang/Object;Ljava/lang/String;[Lorg/uqbar/project/wollok/interpreter/core/WollokObject;)Lorg/uqbar/project/wollok/interpreter/core/WollokObject;+26
j  org.uqbar.project.wollok.interpreter.AbstractWollokCallable$1.apply()Lorg/uqbar/project/wollok/interpreter/core/WollokObject;+55
j  org.uqbar.project.wollok.interpreter.AbstractWollokCallable$1.apply()Ljava/lang/Object;+1
j  org.uqbar.project.wollok.interpreter.threads.WThread.performOnStack(Lorg/eclipse/emf/ecore/EObject;Lorg/uqbar/project/wollok/interpreter/context/EvaluationContext;Lorg/eclipse/xtext/xbase/lib/Functions$Function0;)Lorg/uqbar/project/wollok/interpreter/core/WollokObject;+29
j  org.uqbar.project.wollok.interpreter.WollokInterpreter.performOnStack(Lorg/eclipse/emf/ecore/EObject;Lorg/uqbar/project/wollok/interpreter/context/EvaluationContext;Lorg/eclipse/xtext/xbase/lib/Functions$Function0;)Lorg/uqbar/project/wollok/interpreter/core/WollokObject;+7
j  org.uqbar.project.wollok.interpreter.AbstractWollokCallable.call(Lorg/uqbar/project/wollok/wollokDsl/WMethodDeclaration;[Lorg/uqbar/project/wollok/interpreter/core/WollokObject;)Lorg/uqbar/project/wollok/interpreter/core/WollokObject;+38
j  org.uqbar.project.wollok.interpreter.core.WollokObject.call(Ljava/lang/String;[Lorg/uqbar/project/wollok/interpreter/core/WollokObject;)Lorg/uqbar/project/wollok/interpreter/core/WollokObject;+55
j  org.uqbar.project.wollok.interpreter.WollokInterpreterEvaluator._evaluate(Lorg/uqbar/project/wollok/wollokDsl/WFeatureCall;)Lorg/uqbar/project/wollok/interpreter/core/WollokObject;+119
j  org.uqbar.project.wollok.launch.WollokLauncherInterpreterEvaluator.evaluate(Lorg/eclipse/emf/ecore/EObject;)Lorg/uqbar/project/wollok/interpreter/core/WollokObject;+412
j  org.uqbar.project.wollok.interpreter.WollokInterpreterEvaluator.evaluate(Lorg/eclipse/emf/ecore/EObject;)Ljava/lang/Object;+2
j  org.uqbar.project.wollok.interpreter.WollokInterpreter.eval(Lorg/eclipse/emf/ecore/EObject;)Lorg/uqbar/project/wollok/interpreter/core/WollokObject;+63
j  org.uqbar.project.wollok.interpreter.WollokInterpreterEvaluator.eval(Lorg/eclipse/emf/ecore/EObject;)Lorg/uqbar/project/wollok/interpreter/core/WollokObject;+5
j  org.uqbar.project.wollok.interpreter.WollokInterpreterEvaluator$1.apply(Lorg/uqbar/project/wollok/interpreter/core/WollokObject;Lorg/eclipse/emf/ecore/EObject;)Lorg/uqbar/project/wollok/interpreter/core/WollokObject;+5
j  org.uqbar.project.wollok.interpreter.WollokInterpreterEvaluator$1.apply(Ljava/lang/Object;Ljava/lang/Object;)Ljava/lang/Object;+9
j  org.eclipse.xtext.xbase.lib.IteratorExtensions.fold(Ljava/util/Iterator;Ljava/lang/Object;Lorg/eclipse/xtext/xbase/lib/Functions$Function2;)Ljava/lang/Object;+19
j  org.eclipse.xtext.xbase.lib.IterableExtensions.fold(Ljava/lang/Iterable;Ljava/lang/Object;Lorg/eclipse/xtext/xbase/lib/Functions$Function2;)Ljava/lang/Object;+8
j  org.uqbar.project.wollok.interpreter.WollokInterpreterEvaluator.evalAll(Ljava/lang/Iterable;)Lorg/uqbar/project/wollok/interpreter/core/WollokObject;+12
j  org.uqbar.project.wollok.interpreter.WollokInterpreterEvaluator._evaluate(Lorg/uqbar/project/wollok/wollokDsl/WBlockExpression;)Lorg/uqbar/project/wollok/interpreter/core/WollokObject;+34
j  org.uqbar.project.wollok.launch.WollokLauncherInterpreterEvaluator.evaluate(Lorg/eclipse/emf/ecore/EObject;)Lorg/uqbar/project/wollok/interpreter/core/WollokObject;+76
j  org.uqbar.project.wollok.interpreter.WollokInterpreterEvaluator.evaluate(Lorg/eclipse/emf/ecore/EObject;)Ljava/lang/Object;+2
j  org.uqbar.project.wollok.interpreter.WollokInterpreter.eval(Lorg/eclipse/emf/ecore/EObject;)Lorg/uqbar/project/wollok/interpreter/core/WollokObject;+63
j  org.uqbar.project.wollok.interpreter.AbstractWollokCallable.eval(Lorg/eclipse/emf/ecore/EObject;)Lorg/uqbar/project/wollok/interpreter/core/WollokObject;+5
j  org.uqbar.project.wollok.interpreter.AbstractWollokCallable$1.apply()Lorg/uqbar/project/wollok/interpreter/core/WollokObject;+110
j  org.uqbar.project.wollok.interpreter.AbstractWollokCallable$1.apply()Ljava/lang/Object;+1
j  org.uqbar.project.wollok.interpreter.threads.WThread.performOnStack(Lorg/eclipse/emf/ecore/EObject;Lorg/uqbar/project/wollok/interpreter/context/EvaluationContext;Lorg/eclipse/xtext/xbase/lib/Functions$Function0;)Lorg/uqbar/project/wollok/interpreter/core/WollokObject;+29
j  org.uqbar.project.wollok.interpreter.WollokInterpreter.performOnStack(Lorg/eclipse/emf/ecore/EObject;Lorg/uqbar/project/wollok/interpreter/context/EvaluationContext;Lorg/eclipse/xtext/xbase/lib/Functions$Function0;)Lorg/uqbar/project/wollok/interpreter/core/WollokObject;+7
j  org.uqbar.project.wollok.interpreter.AbstractWollokCallable.call(Lorg/uqbar/project/wollok/wollokDsl/WMethodDeclaration;[Lorg/uqbar/project/wollok/interpreter/core/WollokObject;)Lorg/uqbar/project/wollok/interpreter/core/WollokObject;+38
j  org.uqbar.project.wollok.interpreter.core.WollokObject.call(Ljava/lang/String;[Lorg/uqbar/project/wollok/interpreter/core/WollokObject;)Lorg/uqbar/project/wollok/interpreter/core/WollokObject;+55
j  org.uqbar.project.wollok.interpreter.WollokInterpreterEvaluator._evaluate(Lorg/uqbar/project/wollok/wollokDsl/WFeatureCall;)Lorg/uqbar/project/wollok/interpreter/core/WollokObject;+119
j  org.uqbar.project.wollok.launch.WollokLauncherInterpreterEvaluator.evaluate(Lorg/eclipse/emf/ecore/EObject;)Lorg/uqbar/project/wollok/interpreter/core/WollokObject;+412
j  org.uqbar.project.wollok.interpreter.WollokInterpreterEvaluator.evaluate(Lorg/eclipse/emf/ecore/EObject;)Ljava/lang/Object;+2
j  org.uqbar.project.wollok.interpreter.WollokInterpreter.eval(Lorg/eclipse/emf/ecore/EObject;)Lorg/uqbar/project/wollok/interpreter/core/WollokObject;+63
j  org.uqbar.project.wollok.interpreter.WollokInterpreterEvaluator.eval(Lorg/eclipse/emf/ecore/EObject;)Lorg/uqbar/project/wollok/interpreter/core/WollokObject;+5
j  org.uqbar.project.wollok.interpreter.WollokInterpreterEvaluator$1.apply(Lorg/uqbar/project/wollok/interpreter/core/WollokObject;Lorg/eclipse/emf/ecore/EObject;)Lorg/uqbar/project/wollok/interpreter/core/WollokObject;+5
j  org.uqbar.project.wollok.interpreter.WollokInterpreterEvaluator$1.apply(Ljava/lang/Object;Ljava/lang/Object;)Ljava/lang/Object;+9
j  org.eclipse.xtext.xbase.lib.IteratorExtensions.fold(Ljava/util/Iterator;Ljava/lang/Object;Lorg/eclipse/xtext/xbase/lib/Functions$Function2;)Ljava/lang/Object;+19
j  org.eclipse.xtext.xbase.lib.IterableExtensions.fold(Ljava/lang/Iterable;Ljava/lang/Object;Lorg/eclipse/xtext/xbase/lib/Functions$Function2;)Ljava/lang/Object;+8
j  org.uqbar.project.wollok.interpreter.WollokInterpreterEvaluator.evalAll(Ljava/lang/Iterable;)Lorg/uqbar/project/wollok/interpreter/core/WollokObject;+12
j  org.uqbar.project.wollok.interpreter.WollokInterpreterEvaluator._evaluate(Lorg/uqbar/project/wollok/wollokDsl/WProgram;)Lorg/uqbar/project/wollok/interpreter/core/WollokObject;+18
j  org.uqbar.project.wollok.launch.WollokLauncherInterpreterEvaluator.evaluate(Lorg/eclipse/emf/ecore/EObject;)Lorg/uqbar/project/wollok/interpreter/core/WollokObject;+444
j  org.uqbar.project.wollok.interpreter.WollokInterpreterEvaluator.evaluate(Lorg/eclipse/emf/ecore/EObject;)Ljava/lang/Object;+2
j  org.uqbar.project.wollok.interpreter.WollokInterpreter.eval(Lorg/eclipse/emf/ecore/EObject;)Lorg/uqbar/project/wollok/interpreter/core/WollokObject;+63
j  org.uqbar.project.wollok.interpreter.WollokInterpreterEvaluator.eval(Lorg/eclipse/emf/ecore/EObject;)Lorg/uqbar/project/wollok/interpreter/core/WollokObject;+5
j  org.uqbar.project.wollok.launch.WollokLauncherInterpreterEvaluator._evaluate(Lorg/uqbar/project/wollok/wollokDsl/WFile;)Lorg/uqbar/project/wollok/interpreter/core/WollokObject;+32
j  org.uqbar.project.wollok.launch.WollokLauncherInterpreterEvaluator.evaluate(Lorg/eclipse/emf/ecore/EObject;)Lorg/uqbar/project/wollok/interpreter/core/WollokObject;+428
j  org.uqbar.project.wollok.interpreter.WollokInterpreterEvaluator.evaluate(Lorg/eclipse/emf/ecore/EObject;)Ljava/lang/Object;+2
j  org.uqbar.project.wollok.interpreter.WollokInterpreter.interpret(Lorg/eclipse/emf/ecore/EObject;Ljava/lang/Boolean;)Lorg/uqbar/project/wollok/interpreter/core/WollokObject;+25
j  org.uqbar.project.wollok.interpreter.WollokInterpreter.interpret(Lorg/eclipse/emf/ecore/EObject;)Lorg/uqbar/project/wollok/interpreter/core/WollokObject;+8
j  org.uqbar.project.wollok.launch.WollokLauncher.doSomething(Lorg/uqbar/project/wollok/wollokDsl/WFile;Lcom/google/inject/Injector;Ljava/io/File;Lorg/uqbar/project/wollok/launch/WollokLauncherParameters;)V+109
j  org.uqbar.project.wollok.launch.WollokChecker.launch(Ljava/lang/String;Lorg/uqbar/project/wollok/launch/WollokLauncherParameters;)V+31
j  org.uqbar.project.wollok.launch.WollokChecker.doMain([Ljava/lang/String;)V+205
j  org.uqbar.project.wollok.launch.WollokLauncher.main([Ljava/lang/String;)V+8
v  ~StubRoutines::call_stub

siginfo: EXCEPTION_ACCESS_VIOLATION (0xc0000005), reading address 0x000001ab79766004


Register to memory mapping:

RIP=0x000001ab7a1b1066 OpenAL64.dll
RAX=0x0000000000000004 is an unknown value
RBX=0x000001ab7a290090 points into unknown readable memory: 0x0000000100000002 | 02 00 00 00 01 00 00 00
RCX=0x000001ab79766008 is an unknown value
RDX=0x000001ab79766004 is an unknown value
RSP=0x0000007e5fffcc90 is pointing into the stack for thread: 0x000001ab4dd40800
RBP=0x00000000000000ff is an unknown value
RSI=0x000001ab79765f3c points into unknown readable memory: 00 00 80 bf
RDI=0x0 is NULL
R8 =0x0000000000000032 is an unknown value
R9 =0x000001ab79765f3c points into unknown readable memory: 00 00 80 bf
R10=0x000001ab57bff348 is at code_begin+1000 in an Interpreter codelet
method entry point (kind = native)  [0x000001ab57bfef60, 0x000001ab57bffa00]  2720 bytes
R11=0x00000006ef8e7d20 is an oop: java.lang.Class 
{0x00000006ef8e7d20} - klass: 'java/lang/Class'
R12=0x0000000000000001 is an unknown value
R13={method} {0x000001ab7b72b748} 'nalcCreateContext' '(JJ)J' in 'org/lwjgl/openal/ALC10'
R14=0x0000007e5fffce30 is pointing into the stack for thread: 0x000001ab4dd40800
R15=0x000001ab4dd40800 is a thread


Registers:
RAX=0x0000000000000004, RBX=0x000001ab7a290090, RCX=0x000001ab79766008, RDX=0x000001ab79766004
RSP=0x0000007e5fffcc90, RBP=0x00000000000000ff, RSI=0x000001ab79765f3c, RDI=0x0000000000000000
R8 =0x0000000000000032, R9 =0x000001ab79765f3c, R10=0x000001ab57bff348, R11=0x00000006ef8e7d20
R12=0x0000000000000001, R13=0x000001ab7b72b740, R14=0x0000007e5fffce30, R15=0x000001ab4dd40800
RIP=0x000001ab7a1b1066, EFLAGS=0x0000000000010202

Top of Stack: (sp=0x0000007e5fffcc90)
0x0000007e5fffcc90:   000001ab4dd40f50 0000002800000003
0x0000007e5fffcca0:   000001ab4dd40800 0000007e5fffce30
0x0000007e5fffccb0:   000001ab7b72b740 00007ffb1351c819
0x0000007e5fffccc0:   0000000000000000 00000000000001f0
0x0000007e5fffccd0:   000001ab4dd40800 000001ab4dd40800
0x0000007e5fffcce0:   0000007e5fffd6f0 00007ffb137087f3
0x0000007e5fffccf0:   0000007e5fffcd10 000001ab4dd40800
0x0000007e5fffcd00:   000001ab4dd40800 0000007e5fffce30
0x0000007e5fffcd10:   000001ab7b72b740 0000000000000000
0x0000007e5fffcd20:   000001ab79765f3c 00000000000001f0
0x0000007e5fffcd30:   0000007e5fffcdf8 000001ab7a1b248f
0x0000007e5fffcd40:   000001ab7a290090 000001ab7a290090
0x0000007e5fffcd50:   000001ab0000ac44 000001ab00000004
0x0000007e5fffcd60:   0000000000000000 000001ab57bff377
0x0000007e5fffcd70:   000001ab7b72b740 000001ab57bff05c
0x0000007e5fffcd80:   000001ab4dd40800 000001ab7b72b740 

Instructions: (pc=0x000001ab7a1b1066)
0x000001ab7a1b0f66:   b0 00 00 00 0f ba a3 fc 00 00 00 1f 44 89 9c 24
0x000001ab7a1b0f76:   b0 00 00 00 73 15 48 8b 83 f8 61 01 00 48 8b cb
0x000001ab7a1b0f86:   ff 50 20 44 8b 9c 24 b0 00 00 00 0f ba b3 fc 00
0x000001ab7a1b0f96:   00 00 1f 44 89 7b 38 44 89 6b 44 44 89 73 48 e9
0x000001ab7a1b0fa6:   56 01 00 00 83 3d 4f 94 04 00 02 0f 8c 8e fe ff
0x000001ab7a1b0fb6:   ff 4c 8d 05 a2 2c 03 00 e9 6f fe ff ff 48 3b d7
0x000001ab7a1b0fc6:   0f 84 3f 01 00 00 39 3a 0f 84 37 01 00 00 0f ba
0x000001ab7a1b0fd6:   a1 fc 00 00 00 1f 73 0a 48 8b 81 f8 61 01 00 ff
0x000001ab7a1b0fe6:   50 20 8b 43 38 0f ba b3 fc 00 00 00 1f 8b 6b 64
0x000001ab7a1b0ff6:   44 8b 63 68 89 84 24 c0 00 00 00 8b 43 6c 89 84
0x000001ab7a1b1006:   24 c8 00 00 00 4c 8b c7 39 3e 74 58 48 8b d6 48
0x000001ab7a1b1016:   8d 4e 04 81 3a 07 10 00 00 75 10 8b 01 83 8b fc
0x000001ab7a1b1026:   00 00 00 02 89 84 24 c0 00 00 00 81 3a 11 10 00
0x000001ab7a1b1036:   00 75 10 8b 6b 5c 44 8b 21 44 3b e5 44 0f 47 e5
0x000001ab7a1b1046:   41 2b ec 81 3a 03 00 02 00 75 09 8b 01 89 84 24
0x000001ab7a1b1056:   c8 00 00 00 49 83 c0 02 48 83 c1 08 4a 8d 14 86
0x000001ab7a1b1066:   39 3a 75 af 4c 8d 84 24 c0 00 00 00 48 8d 15 d7
0x000001ab7a1b1076:   2b 03 00 33 c9 e8 58 5f 00 00 b8 40 1f 00 00 4c
0x000001ab7a1b1086:   8d 84 24 c8 00 00 00 39 84 24 c0 00 00 00 48 8d
0x000001ab7a1b1096:   15 e9 2b 03 00 0f 47 84 24 c0 00 00 00 33 c9 89
0x000001ab7a1b10a6:   84 24 c0 00 00 00 e8 27 5f 00 00 8b 43 3c 44 8b
0x000001ab7a1b10b6:   84 24 c0 00 00 00 8b 4b 38 41 bb 04 00 00 00 44
0x000001ab7a1b10c6:   39 9c 24 c8 00 00 00 44 0f 42 9c 24 c8 00 00 00
0x000001ab7a1b10d6:   33 d2 44 89 9c 24 c8 00 00 00 49 0f af c0 48 f7
0x000001ab7a1b10e6:   f1 89 43 3c f6 05 43 b6 04 00 01 74 09 83 c0 03
0x000001ab7a1b10f6:   83 e0 fc 89 43 3c 44 89 43 38 44 89 5b 6c 44 89
0x000001ab7a1b1106:   63 68 89 6b 64 44 8b 9b fc 00 00 00 41 0f ba e3
0x000001ab7a1b1116:   1f 0f 82 6a 05 00 00 44 8b 6b 38 8b 6b 44 44 8b
0x000001ab7a1b1126:   63 48 41 bf 03 00 00 00 48 8d 35 5b 2b 03 00 4c
0x000001ab7a1b1136:   8d 35 80 dc 02 00 44 39 3d bd 92 04 00 0f 8c 81
0x000001ab7a1b1146:   00 00 00 4c 8d 15 88 28 03 00 4c 8d 35 f5 2a 03
0x000001ab7a1b1156:   00 41 f6 c3 02 4d 8b ca 41 8b cc 4d 0f 45 ce e8 


Stack slot to memory mapping:
stack at sp + 0 slots: 0x000001ab4dd40f50 points into unknown readable memory: 0x6e616c2e6176616a | 6a 61 76 61 2e 6c 61 6e
stack at sp + 1 slots: 0x0000002800000003 is an unknown value
stack at sp + 2 slots: 0x000001ab4dd40800 is a thread
stack at sp + 3 slots: 0x0000007e5fffce30 is pointing into the stack for thread: 0x000001ab4dd40800
stack at sp + 4 slots: {method} {0x000001ab7b72b748} 'nalcCreateContext' '(JJ)J' in 'org/lwjgl/openal/ALC10'
stack at sp + 5 slots: 0x00007ffb1351c819 jvm.dll
stack at sp + 6 slots: 0x0 is NULL
stack at sp + 7 slots: 0x00000000000001f0 is an unknown value


---------------  P R O C E S S  ---------------

Threads class SMR info:
_java_thread_list=0x000001ab762fa880, length=12, elements={
0x000001ab4dd40800, 0x000001ab755a9000, 0x000001ab755b2800, 0x000001ab755fe800,
0x000001ab75600800, 0x000001ab75602000, 0x000001ab75616000, 0x000001ab7561b000,
0x000001ab75632800, 0x000001ab75630000, 0x000001ab75633000, 0x000001ab75634000
}

Java Threads: ( => current thread )
=>0x000001ab4dd40800 JavaThread "main" [_thread_in_native, id=10040, stack(0x0000007e5ff00000,0x0000007e60000000)]
  0x000001ab755a9000 JavaThread "Reference Handler" daemon [_thread_blocked, id=10376, stack(0x0000007e60600000,0x0000007e60700000)]
  0x000001ab755b2800 JavaThread "Finalizer" daemon [_thread_blocked, id=8320, stack(0x0000007e60700000,0x0000007e60800000)]
  0x000001ab755fe800 JavaThread "Signal Dispatcher" daemon [_thread_blocked, id=928, stack(0x0000007e60800000,0x0000007e60900000)]
  0x000001ab75600800 JavaThread "Attach Listener" daemon [_thread_blocked, id=15128, stack(0x0000007e60900000,0x0000007e60a00000)]
  0x000001ab75602000 JavaThread "Service Thread" daemon [_thread_blocked, id=12336, stack(0x0000007e60a00000,0x0000007e60b00000)]
  0x000001ab75616000 JavaThread "C2 CompilerThread0" daemon [_thread_blocked, id=16888, stack(0x0000007e60b00000,0x0000007e60c00000)]
  0x000001ab7561b000 JavaThread "C1 CompilerThread0" daemon [_thread_blocked, id=16544, stack(0x0000007e60c00000,0x0000007e60d00000)]
  0x000001ab75632800 JavaThread "Sweeper thread" daemon [_thread_blocked, id=17772, stack(0x0000007e60d00000,0x0000007e60e00000)]
  0x000001ab75630000 JavaThread "Common-Cleaner" daemon [_thread_blocked, id=12976, stack(0x0000007e60f00000,0x0000007e61000000)]
  0x000001ab75633000 JavaThread "EMF Reference Cleaner" daemon [_thread_blocked, id=19088, stack(0x0000007e61800000,0x0000007e61900000)]
  0x000001ab75634000 JavaThread "com.google.inject.internal.util.$Finalizer" daemon [_thread_blocked, id=7768, stack(0x0000007e61900000,0x0000007e61a00000)]

Other Threads:
  0x000001ab75587000 VMThread "VM Thread" [stack: 0x0000007e60500000,0x0000007e60600000] [id=17304]
  0x000001ab7579a800 WatcherThread [stack: 0x0000007e60e00000,0x0000007e60f00000] [id=4616]
  0x000001ab4dd59000 GCTaskThread "GC Thread#0" [stack: 0x0000007e60000000,0x0000007e60100000] [id=6200]
  0x000001ab763ad000 GCTaskThread "GC Thread#1" [stack: 0x0000007e61200000,0x0000007e61300000] [id=12944]
  0x000001ab76798800 GCTaskThread "GC Thread#2" [stack: 0x0000007e61300000,0x0000007e61400000] [id=12396]
  0x000001ab76563000 GCTaskThread "GC Thread#3" [stack: 0x0000007e61400000,0x0000007e61500000] [id=8552]
  0x000001ab76564000 GCTaskThread "GC Thread#4" [stack: 0x0000007e61500000,0x0000007e61600000] [id=7528]
  0x000001ab75eed000 GCTaskThread "GC Thread#5" [stack: 0x0000007e61600000,0x0000007e61700000] [id=12908]
  0x000001ab4ddc3000 ConcurrentGCThread "G1 Main Marker" [stack: 0x0000007e60100000,0x0000007e60200000] [id=7576]
  0x000001ab4ddc4000 ConcurrentGCThread "G1 Conc#0" [stack: 0x0000007e60200000,0x0000007e60300000] [id=12468]
  0x000001ab764c5800 ConcurrentGCThread "G1 Conc#1" [stack: 0x0000007e61100000,0x0000007e61200000] [id=14936]
  0x000001ab74beb000 ConcurrentGCThread "G1 Refine#0" [stack: 0x0000007e60300000,0x0000007e60400000] [id=18620]
  0x000001ab75a22000 ConcurrentGCThread "G1 Refine#1" [stack: 0x0000007e61700000,0x0000007e61800000] [id=8648]
  0x000001ab74bec000 ConcurrentGCThread "G1 Young RemSet Sampling" [stack: 0x0000007e60400000,0x0000007e60500000] [id=12284]

Threads with active compile tasks:

VM state:not at safepoint (normal execution)

VM Mutex/Monitor currently owned by a thread: None

Heap address: 0x00000006e0e00000, size: 4594 MB, Compressed Oops mode: Zero based, Oop shift amount: 3
Narrow klass base: 0x0000000800000000, Narrow klass shift: 0
Compressed class space size: 1073741824 Address: 0x0000000800000000

Heap:
 garbage-first heap   total 294912K, used 68269K [0x00000006e0e00000, 0x0000000800000000)
  region size 1024K, 55 young (56320K), 7 survivors (7168K)
 Metaspace       used 26510K, capacity 26801K, committed 27008K, reserved 1073152K
  class space    used 3008K, capacity 3091K, committed 3200K, reserved 1048576K
Heap Regions: E=young(eden), S=young(survivor), O=old, HS=humongous(starts), HC=humongous(continues), CS=collection set, F=free, A=archive, TAMS=top-at-mark-start (previous, next)
|   0|0x00000006e0e00000, 0x00000006e0f00000, 0x00000006e0f00000|100%| O|  |TAMS 0x00000006e0f00000, 0x00000006e0e00000| Untracked 
|   1|0x00000006e0f00000, 0x00000006e1000000, 0x00000006e1000000|100%| O|  |TAMS 0x00000006e1000000, 0x00000006e0f00000| Untracked 
|   2|0x00000006e1000000, 0x00000006e1100000, 0x00000006e1100000|100%| O|  |TAMS 0x00000006e1100000, 0x00000006e1000000| Untracked 
|   3|0x00000006e1100000, 0x00000006e1200000, 0x00000006e1200000|100%| O|  |TAMS 0x00000006e1200000, 0x00000006e1100000| Untracked 
|   4|0x00000006e1200000, 0x00000006e1300000, 0x00000006e1300000|100%| O|  |TAMS 0x00000006e1300000, 0x00000006e1200000| Untracked 
|   5|0x00000006e1300000, 0x00000006e1400000, 0x00000006e1400000|100%| O|  |TAMS 0x00000006e1400000, 0x00000006e1300000| Untracked 
|   6|0x00000006e1400000, 0x00000006e1500000, 0x00000006e1500000|100%| O|  |TAMS 0x00000006e1500000, 0x00000006e1400000| Untracked 
|   7|0x00000006e1500000, 0x00000006e1600000, 0x00000006e1600000|100%| O|  |TAMS 0x00000006e1600000, 0x00000006e1500000| Untracked 
|   8|0x00000006e1600000, 0x00000006e1700000, 0x00000006e1700000|100%| O|  |TAMS 0x00000006e1700000, 0x00000006e1600000| Untracked 
|   9|0x00000006e1700000, 0x00000006e1800000, 0x00000006e1800000|100%| O|  |TAMS 0x00000006e1800000, 0x00000006e1700000| Untracked 
|  10|0x00000006e1800000, 0x00000006e1900000, 0x00000006e1900000|100%| O|  |TAMS 0x00000006e1900000, 0x00000006e1800000| Untracked 
|  11|0x00000006e1900000, 0x00000006e1921e00, 0x00000006e1a00000| 13%| O|  |TAMS 0x00000006e1921e00, 0x00000006e1900000| Untracked 
|  12|0x00000006e1a00000, 0x00000006e1a00000, 0x00000006e1b00000|  0%| F|  |TAMS 0x00000006e1a00000, 0x00000006e1a00000| Untracked 
|  13|0x00000006e1b00000, 0x00000006e1b00000, 0x00000006e1c00000|  0%| F|  |TAMS 0x00000006e1b00000, 0x00000006e1b00000| Untracked 
|  14|0x00000006e1c00000, 0x00000006e1d00000, 0x00000006e1d00000|100%| O|  |TAMS 0x00000006e1d00000, 0x00000006e1c00000| Untracked 
|  15|0x00000006e1d00000, 0x00000006e1e00000, 0x00000006e1e00000|100%| O|  |TAMS 0x00000006e1e00000, 0x00000006e1d00000| Untracked 
|  16|0x00000006e1e00000, 0x00000006e1e00000, 0x00000006e1f00000|  0%| F|  |TAMS 0x00000006e1e00000, 0x00000006e1e00000| Untracked 
|  17|0x00000006e1f00000, 0x00000006e1f00000, 0x00000006e2000000|  0%| F|  |TAMS 0x00000006e1f00000, 0x00000006e1f00000| Untracked 
|  18|0x00000006e2000000, 0x00000006e2000000, 0x00000006e2100000|  0%| F|  |TAMS 0x00000006e2000000, 0x00000006e2000000| Untracked 
|  19|0x00000006e2100000, 0x00000006e2100000, 0x00000006e2200000|  0%| F|  |TAMS 0x00000006e2100000, 0x00000006e2100000| Untracked 
|  20|0x00000006e2200000, 0x00000006e2200000, 0x00000006e2300000|  0%| F|  |TAMS 0x00000006e2200000, 0x00000006e2200000| Untracked 
|  21|0x00000006e2300000, 0x00000006e2300000, 0x00000006e2400000|  0%| F|  |TAMS 0x00000006e2300000, 0x00000006e2300000| Untracked 
|  22|0x00000006e2400000, 0x00000006e2400000, 0x00000006e2500000|  0%| F|  |TAMS 0x00000006e2400000, 0x00000006e2400000| Untracked 
|  23|0x00000006e2500000, 0x00000006e2500000, 0x00000006e2600000|  0%| F|  |TAMS 0x00000006e2500000, 0x00000006e2500000| Untracked 
|  24|0x00000006e2600000, 0x00000006e2600000, 0x00000006e2700000|  0%| F|  |TAMS 0x00000006e2600000, 0x00000006e2600000| Untracked 
|  25|0x00000006e2700000, 0x00000006e2700000, 0x00000006e2800000|  0%| F|  |TAMS 0x00000006e2700000, 0x00000006e2700000| Untracked 
|  26|0x00000006e2800000, 0x00000006e2800000, 0x00000006e2900000|  0%| F|  |TAMS 0x00000006e2800000, 0x00000006e2800000| Untracked 
|  27|0x00000006e2900000, 0x00000006e2900000, 0x00000006e2a00000|  0%| F|  |TAMS 0x00000006e2900000, 0x00000006e2900000| Untracked 
|  28|0x00000006e2a00000, 0x00000006e2a00000, 0x00000006e2b00000|  0%| F|  |TAMS 0x00000006e2a00000, 0x00000006e2a00000| Untracked 
|  29|0x00000006e2b00000, 0x00000006e2b00000, 0x00000006e2c00000|  0%| F|  |TAMS 0x00000006e2b00000, 0x00000006e2b00000| Untracked 
|  30|0x00000006e2c00000, 0x00000006e2c00000, 0x00000006e2d00000|  0%| F|  |TAMS 0x00000006e2c00000, 0x00000006e2c00000| Untracked 
|  31|0x00000006e2d00000, 0x00000006e2d00000, 0x00000006e2e00000|  0%| F|  |TAMS 0x00000006e2d00000, 0x00000006e2d00000| Untracked 
|  32|0x00000006e2e00000, 0x00000006e2e00000, 0x00000006e2f00000|  0%| F|  |TAMS 0x00000006e2e00000, 0x00000006e2e00000| Untracked 
|  33|0x00000006e2f00000, 0x00000006e2f00000, 0x00000006e3000000|  0%| F|  |TAMS 0x00000006e2f00000, 0x00000006e2f00000| Untracked 
|  34|0x00000006e3000000, 0x00000006e3000000, 0x00000006e3100000|  0%| F|  |TAMS 0x00000006e3000000, 0x00000006e3000000| Untracked 
|  35|0x00000006e3100000, 0x00000006e3100000, 0x00000006e3200000|  0%| F|  |TAMS 0x00000006e3100000, 0x00000006e3100000| Untracked 
|  36|0x00000006e3200000, 0x00000006e3200000, 0x00000006e3300000|  0%| F|  |TAMS 0x00000006e3200000, 0x00000006e3200000| Untracked 
|  37|0x00000006e3300000, 0x00000006e3300000, 0x00000006e3400000|  0%| F|  |TAMS 0x00000006e3300000, 0x00000006e3300000| Untracked 
|  38|0x00000006e3400000, 0x00000006e3400000, 0x00000006e3500000|  0%| F|  |TAMS 0x00000006e3400000, 0x00000006e3400000| Untracked 
|  39|0x00000006e3500000, 0x00000006e3500000, 0x00000006e3600000|  0%| F|  |TAMS 0x00000006e3500000, 0x00000006e3500000| Untracked 
|  40|0x00000006e3600000, 0x00000006e3600000, 0x00000006e3700000|  0%| F|  |TAMS 0x00000006e3600000, 0x00000006e3600000| Untracked 
|  41|0x00000006e3700000, 0x00000006e3700000, 0x00000006e3800000|  0%| F|  |TAMS 0x00000006e3700000, 0x00000006e3700000| Untracked 
|  42|0x00000006e3800000, 0x00000006e3800000, 0x00000006e3900000|  0%| F|  |TAMS 0x00000006e3800000, 0x00000006e3800000| Untracked 
|  43|0x00000006e3900000, 0x00000006e3900000, 0x00000006e3a00000|  0%| F|  |TAMS 0x00000006e3900000, 0x00000006e3900000| Untracked 
|  44|0x00000006e3a00000, 0x00000006e3a00000, 0x00000006e3b00000|  0%| F|  |TAMS 0x00000006e3a00000, 0x00000006e3a00000| Untracked 
|  45|0x00000006e3b00000, 0x00000006e3b00000, 0x00000006e3c00000|  0%| F|  |TAMS 0x00000006e3b00000, 0x00000006e3b00000| Untracked 
|  46|0x00000006e3c00000, 0x00000006e3c00000, 0x00000006e3d00000|  0%| F|  |TAMS 0x00000006e3c00000, 0x00000006e3c00000| Untracked 
|  47|0x00000006e3d00000, 0x00000006e3d00000, 0x00000006e3e00000|  0%| F|  |TAMS 0x00000006e3d00000, 0x00000006e3d00000| Untracked 
|  48|0x00000006e3e00000, 0x00000006e3e00000, 0x00000006e3f00000|  0%| F|  |TAMS 0x00000006e3e00000, 0x00000006e3e00000| Untracked 
|  49|0x00000006e3f00000, 0x00000006e3f00000, 0x00000006e4000000|  0%| F|  |TAMS 0x00000006e3f00000, 0x00000006e3f00000| Untracked 
|  50|0x00000006e4000000, 0x00000006e4000000, 0x00000006e4100000|  0%| F|  |TAMS 0x00000006e4000000, 0x00000006e4000000| Untracked 
|  51|0x00000006e4100000, 0x00000006e4100000, 0x00000006e4200000|  0%| F|  |TAMS 0x00000006e4100000, 0x00000006e4100000| Untracked 
|  52|0x00000006e4200000, 0x00000006e4200000, 0x00000006e4300000|  0%| F|  |TAMS 0x00000006e4200000, 0x00000006e4200000| Untracked 
|  53|0x00000006e4300000, 0x00000006e4300000, 0x00000006e4400000|  0%| F|  |TAMS 0x00000006e4300000, 0x00000006e4300000| Untracked 
|  54|0x00000006e4400000, 0x00000006e4400000, 0x00000006e4500000|  0%| F|  |TAMS 0x00000006e4400000, 0x00000006e4400000| Untracked 
|  55|0x00000006e4500000, 0x00000006e4500000, 0x00000006e4600000|  0%| F|  |TAMS 0x00000006e4500000, 0x00000006e4500000| Untracked 
|  56|0x00000006e4600000, 0x00000006e4600000, 0x00000006e4700000|  0%| F|  |TAMS 0x00000006e4600000, 0x00000006e4600000| Untracked 
|  57|0x00000006e4700000, 0x00000006e4700000, 0x00000006e4800000|  0%| F|  |TAMS 0x00000006e4700000, 0x00000006e4700000| Untracked 
|  58|0x00000006e4800000, 0x00000006e4800000, 0x00000006e4900000|  0%| F|  |TAMS 0x00000006e4800000, 0x00000006e4800000| Untracked 
|  59|0x00000006e4900000, 0x00000006e4900000, 0x00000006e4a00000|  0%| F|  |TAMS 0x00000006e4900000, 0x00000006e4900000| Untracked 
|  60|0x00000006e4a00000, 0x00000006e4a00000, 0x00000006e4b00000|  0%| F|  |TAMS 0x00000006e4a00000, 0x00000006e4a00000| Untracked 
|  61|0x00000006e4b00000, 0x00000006e4b00000, 0x00000006e4c00000|  0%| F|  |TAMS 0x00000006e4b00000, 0x00000006e4b00000| Untracked 
|  62|0x00000006e4c00000, 0x00000006e4c00000, 0x00000006e4d00000|  0%| F|  |TAMS 0x00000006e4c00000, 0x00000006e4c00000| Untracked 
|  63|0x00000006e4d00000, 0x00000006e4d00000, 0x00000006e4e00000|  0%| F|  |TAMS 0x00000006e4d00000, 0x00000006e4d00000| Untracked 
|  64|0x00000006e4e00000, 0x00000006e4e00000, 0x00000006e4f00000|  0%| F|  |TAMS 0x00000006e4e00000, 0x00000006e4e00000| Untracked 
|  65|0x00000006e4f00000, 0x00000006e4f00000, 0x00000006e5000000|  0%| F|  |TAMS 0x00000006e4f00000, 0x00000006e4f00000| Untracked 
|  66|0x00000006e5000000, 0x00000006e5000000, 0x00000006e5100000|  0%| F|  |TAMS 0x00000006e5000000, 0x00000006e5000000| Untracked 
|  67|0x00000006e5100000, 0x00000006e5100000, 0x00000006e5200000|  0%| F|  |TAMS 0x00000006e5100000, 0x00000006e5100000| Untracked 
|  68|0x00000006e5200000, 0x00000006e5200000, 0x00000006e5300000|  0%| F|  |TAMS 0x00000006e5200000, 0x00000006e5200000| Untracked 
|  69|0x00000006e5300000, 0x00000006e5300000, 0x00000006e5400000|  0%| F|  |TAMS 0x00000006e5300000, 0x00000006e5300000| Untracked 
|  70|0x00000006e5400000, 0x00000006e5400000, 0x00000006e5500000|  0%| F|  |TAMS 0x00000006e5400000, 0x00000006e5400000| Untracked 
|  71|0x00000006e5500000, 0x00000006e5500000, 0x00000006e5600000|  0%| F|  |TAMS 0x00000006e5500000, 0x00000006e5500000| Untracked 
|  72|0x00000006e5600000, 0x00000006e5600000, 0x00000006e5700000|  0%| F|  |TAMS 0x00000006e5600000, 0x00000006e5600000| Untracked 
|  73|0x00000006e5700000, 0x00000006e5700000, 0x00000006e5800000|  0%| F|  |TAMS 0x00000006e5700000, 0x00000006e5700000| Untracked 
|  74|0x00000006e5800000, 0x00000006e5800000, 0x00000006e5900000|  0%| F|  |TAMS 0x00000006e5800000, 0x00000006e5800000| Untracked 
|  75|0x00000006e5900000, 0x00000006e5900000, 0x00000006e5a00000|  0%| F|  |TAMS 0x00000006e5900000, 0x00000006e5900000| Untracked 
|  76|0x00000006e5a00000, 0x00000006e5a00000, 0x00000006e5b00000|  0%| F|  |TAMS 0x00000006e5a00000, 0x00000006e5a00000| Untracked 
|  77|0x00000006e5b00000, 0x00000006e5b00000, 0x00000006e5c00000|  0%| F|  |TAMS 0x00000006e5b00000, 0x00000006e5b00000| Untracked 
|  78|0x00000006e5c00000, 0x00000006e5c00000, 0x00000006e5d00000|  0%| F|  |TAMS 0x00000006e5c00000, 0x00000006e5c00000| Untracked 
|  79|0x00000006e5d00000, 0x00000006e5d00000, 0x00000006e5e00000|  0%| F|  |TAMS 0x00000006e5d00000, 0x00000006e5d00000| Untracked 
|  80|0x00000006e5e00000, 0x00000006e5e00000, 0x00000006e5f00000|  0%| F|  |TAMS 0x00000006e5e00000, 0x00000006e5e00000| Untracked 
|  81|0x00000006e5f00000, 0x00000006e5f00000, 0x00000006e6000000|  0%| F|  |TAMS 0x00000006e5f00000, 0x00000006e5f00000| Untracked 
|  82|0x00000006e6000000, 0x00000006e6000000, 0x00000006e6100000|  0%| F|  |TAMS 0x00000006e6000000, 0x00000006e6000000| Untracked 
|  83|0x00000006e6100000, 0x00000006e6100000, 0x00000006e6200000|  0%| F|  |TAMS 0x00000006e6100000, 0x00000006e6100000| Untracked 
|  84|0x00000006e6200000, 0x00000006e6200000, 0x00000006e6300000|  0%| F|  |TAMS 0x00000006e6200000, 0x00000006e6200000| Untracked 
|  85|0x00000006e6300000, 0x00000006e6300000, 0x00000006e6400000|  0%| F|  |TAMS 0x00000006e6300000, 0x00000006e6300000| Untracked 
|  86|0x00000006e6400000, 0x00000006e6400000, 0x00000006e6500000|  0%| F|  |TAMS 0x00000006e6400000, 0x00000006e6400000| Untracked 
|  87|0x00000006e6500000, 0x00000006e6500000, 0x00000006e6600000|  0%| F|  |TAMS 0x00000006e6500000, 0x00000006e6500000| Untracked 
|  88|0x00000006e6600000, 0x00000006e6600000, 0x00000006e6700000|  0%| F|  |TAMS 0x00000006e6600000, 0x00000006e6600000| Untracked 
|  89|0x00000006e6700000, 0x00000006e6700000, 0x00000006e6800000|  0%| F|  |TAMS 0x00000006e6700000, 0x00000006e6700000| Untracked 
|  90|0x00000006e6800000, 0x00000006e6800000, 0x00000006e6900000|  0%| F|  |TAMS 0x00000006e6800000, 0x00000006e6800000| Untracked 
|  91|0x00000006e6900000, 0x00000006e6900000, 0x00000006e6a00000|  0%| F|  |TAMS 0x00000006e6900000, 0x00000006e6900000| Untracked 
|  92|0x00000006e6a00000, 0x00000006e6a00000, 0x00000006e6b00000|  0%| F|  |TAMS 0x00000006e6a00000, 0x00000006e6a00000| Untracked 
|  93|0x00000006e6b00000, 0x00000006e6b00000, 0x00000006e6c00000|  0%| F|  |TAMS 0x00000006e6b00000, 0x00000006e6b00000| Untracked 
|  94|0x00000006e6c00000, 0x00000006e6c00000, 0x00000006e6d00000|  0%| F|  |TAMS 0x00000006e6c00000, 0x00000006e6c00000| Untracked 
|  95|0x00000006e6d00000, 0x00000006e6d00000, 0x00000006e6e00000|  0%| F|  |TAMS 0x00000006e6d00000, 0x00000006e6d00000| Untracked 
|  96|0x00000006e6e00000, 0x00000006e6e00000, 0x00000006e6f00000|  0%| F|  |TAMS 0x00000006e6e00000, 0x00000006e6e00000| Untracked 
|  97|0x00000006e6f00000, 0x00000006e6f00000, 0x00000006e7000000|  0%| F|  |TAMS 0x00000006e6f00000, 0x00000006e6f00000| Untracked 
|  98|0x00000006e7000000, 0x00000006e7000000, 0x00000006e7100000|  0%| F|  |TAMS 0x00000006e7000000, 0x00000006e7000000| Untracked 
|  99|0x00000006e7100000, 0x00000006e7100000, 0x00000006e7200000|  0%| F|  |TAMS 0x00000006e7100000, 0x00000006e7100000| Untracked 
| 100|0x00000006e7200000, 0x00000006e7200000, 0x00000006e7300000|  0%| F|  |TAMS 0x00000006e7200000, 0x00000006e7200000| Untracked 
| 101|0x00000006e7300000, 0x00000006e7300000, 0x00000006e7400000|  0%| F|  |TAMS 0x00000006e7300000, 0x00000006e7300000| Untracked 
| 102|0x00000006e7400000, 0x00000006e7400000, 0x00000006e7500000|  0%| F|  |TAMS 0x00000006e7400000, 0x00000006e7400000| Untracked 
| 103|0x00000006e7500000, 0x00000006e7500000, 0x00000006e7600000|  0%| F|  |TAMS 0x00000006e7500000, 0x00000006e7500000| Untracked 
| 104|0x00000006e7600000, 0x00000006e7600000, 0x00000006e7700000|  0%| F|  |TAMS 0x00000006e7600000, 0x00000006e7600000| Untracked 
| 105|0x00000006e7700000, 0x00000006e7700000, 0x00000006e7800000|  0%| F|  |TAMS 0x00000006e7700000, 0x00000006e7700000| Untracked 
| 106|0x00000006e7800000, 0x00000006e7800000, 0x00000006e7900000|  0%| F|  |TAMS 0x00000006e7800000, 0x00000006e7800000| Untracked 
| 107|0x00000006e7900000, 0x00000006e7900000, 0x00000006e7a00000|  0%| F|  |TAMS 0x00000006e7900000, 0x00000006e7900000| Untracked 
| 108|0x00000006e7a00000, 0x00000006e7a00000, 0x00000006e7b00000|  0%| F|  |TAMS 0x00000006e7a00000, 0x00000006e7a00000| Untracked 
| 109|0x00000006e7b00000, 0x00000006e7b00000, 0x00000006e7c00000|  0%| F|  |TAMS 0x00000006e7b00000, 0x00000006e7b00000| Untracked 
| 110|0x00000006e7c00000, 0x00000006e7c00000, 0x00000006e7d00000|  0%| F|  |TAMS 0x00000006e7c00000, 0x00000006e7c00000| Untracked 
| 111|0x00000006e7d00000, 0x00000006e7d00000, 0x00000006e7e00000|  0%| F|  |TAMS 0x00000006e7d00000, 0x00000006e7d00000| Untracked 
| 112|0x00000006e7e00000, 0x00000006e7e00000, 0x00000006e7f00000|  0%| F|  |TAMS 0x00000006e7e00000, 0x00000006e7e00000| Untracked 
| 113|0x00000006e7f00000, 0x00000006e7f00000, 0x00000006e8000000|  0%| F|  |TAMS 0x00000006e7f00000, 0x00000006e7f00000| Untracked 
| 114|0x00000006e8000000, 0x00000006e8000000, 0x00000006e8100000|  0%| F|  |TAMS 0x00000006e8000000, 0x00000006e8000000| Untracked 
| 115|0x00000006e8100000, 0x00000006e8100000, 0x00000006e8200000|  0%| F|  |TAMS 0x00000006e8100000, 0x00000006e8100000| Untracked 
| 116|0x00000006e8200000, 0x00000006e8200000, 0x00000006e8300000|  0%| F|  |TAMS 0x00000006e8200000, 0x00000006e8200000| Untracked 
| 117|0x00000006e8300000, 0x00000006e8300000, 0x00000006e8400000|  0%| F|  |TAMS 0x00000006e8300000, 0x00000006e8300000| Untracked 
| 118|0x00000006e8400000, 0x00000006e8400000, 0x00000006e8500000|  0%| F|  |TAMS 0x00000006e8400000, 0x00000006e8400000| Untracked 
| 119|0x00000006e8500000, 0x00000006e8500000, 0x00000006e8600000|  0%| F|  |TAMS 0x00000006e8500000, 0x00000006e8500000| Untracked 
| 120|0x00000006e8600000, 0x00000006e8600000, 0x00000006e8700000|  0%| F|  |TAMS 0x00000006e8600000, 0x00000006e8600000| Untracked 
| 121|0x00000006e8700000, 0x00000006e8700000, 0x00000006e8800000|  0%| F|  |TAMS 0x00000006e8700000, 0x00000006e8700000| Untracked 
| 122|0x00000006e8800000, 0x00000006e8800000, 0x00000006e8900000|  0%| F|  |TAMS 0x00000006e8800000, 0x00000006e8800000| Untracked 
| 123|0x00000006e8900000, 0x00000006e8900000, 0x00000006e8a00000|  0%| F|  |TAMS 0x00000006e8900000, 0x00000006e8900000| Untracked 
| 124|0x00000006e8a00000, 0x00000006e8a00000, 0x00000006e8b00000|  0%| F|  |TAMS 0x00000006e8a00000, 0x00000006e8a00000| Untracked 
| 125|0x00000006e8b00000, 0x00000006e8b00000, 0x00000006e8c00000|  0%| F|  |TAMS 0x00000006e8b00000, 0x00000006e8b00000| Untracked 
| 126|0x00000006e8c00000, 0x00000006e8c00000, 0x00000006e8d00000|  0%| F|  |TAMS 0x00000006e8c00000, 0x00000006e8c00000| Untracked 
| 127|0x00000006e8d00000, 0x00000006e8d00000, 0x00000006e8e00000|  0%| F|  |TAMS 0x00000006e8d00000, 0x00000006e8d00000| Untracked 
| 128|0x00000006e8e00000, 0x00000006e8e00000, 0x00000006e8f00000|  0%| F|  |TAMS 0x00000006e8e00000, 0x00000006e8e00000| Untracked 
| 129|0x00000006e8f00000, 0x00000006e8f00000, 0x00000006e9000000|  0%| F|  |TAMS 0x00000006e8f00000, 0x00000006e8f00000| Untracked 
| 130|0x00000006e9000000, 0x00000006e9000000, 0x00000006e9100000|  0%| F|  |TAMS 0x00000006e9000000, 0x00000006e9000000| Untracked 
| 131|0x00000006e9100000, 0x00000006e9100000, 0x00000006e9200000|  0%| F|  |TAMS 0x00000006e9100000, 0x00000006e9100000| Untracked 
| 132|0x00000006e9200000, 0x00000006e9200000, 0x00000006e9300000|  0%| F|  |TAMS 0x00000006e9200000, 0x00000006e9200000| Untracked 
| 133|0x00000006e9300000, 0x00000006e9300000, 0x00000006e9400000|  0%| F|  |TAMS 0x00000006e9300000, 0x00000006e9300000| Untracked 
| 134|0x00000006e9400000, 0x00000006e9400000, 0x00000006e9500000|  0%| F|  |TAMS 0x00000006e9400000, 0x00000006e9400000| Untracked 
| 135|0x00000006e9500000, 0x00000006e9500000, 0x00000006e9600000|  0%| F|  |TAMS 0x00000006e9500000, 0x00000006e9500000| Untracked 
| 136|0x00000006e9600000, 0x00000006e9600000, 0x00000006e9700000|  0%| F|  |TAMS 0x00000006e9600000, 0x00000006e9600000| Untracked 
| 137|0x00000006e9700000, 0x00000006e9700000, 0x00000006e9800000|  0%| F|  |TAMS 0x00000006e9700000, 0x00000006e9700000| Untracked 
| 138|0x00000006e9800000, 0x00000006e9800000, 0x00000006e9900000|  0%| F|  |TAMS 0x00000006e9800000, 0x00000006e9800000| Untracked 
| 139|0x00000006e9900000, 0x00000006e9900000, 0x00000006e9a00000|  0%| F|  |TAMS 0x00000006e9900000, 0x00000006e9900000| Untracked 
| 140|0x00000006e9a00000, 0x00000006e9a00000, 0x00000006e9b00000|  0%| F|  |TAMS 0x00000006e9a00000, 0x00000006e9a00000| Untracked 
| 141|0x00000006e9b00000, 0x00000006e9b00000, 0x00000006e9c00000|  0%| F|  |TAMS 0x00000006e9b00000, 0x00000006e9b00000| Untracked 
| 142|0x00000006e9c00000, 0x00000006e9c00000, 0x00000006e9d00000|  0%| F|  |TAMS 0x00000006e9c00000, 0x00000006e9c00000| Untracked 
| 143|0x00000006e9d00000, 0x00000006e9d00000, 0x00000006e9e00000|  0%| F|  |TAMS 0x00000006e9d00000, 0x00000006e9d00000| Untracked 
| 144|0x00000006e9e00000, 0x00000006e9e00000, 0x00000006e9f00000|  0%| F|  |TAMS 0x00000006e9e00000, 0x00000006e9e00000| Untracked 
| 145|0x00000006e9f00000, 0x00000006e9f00000, 0x00000006ea000000|  0%| F|  |TAMS 0x00000006e9f00000, 0x00000006e9f00000| Untracked 
| 146|0x00000006ea000000, 0x00000006ea000000, 0x00000006ea100000|  0%| F|  |TAMS 0x00000006ea000000, 0x00000006ea000000| Untracked 
| 147|0x00000006ea100000, 0x00000006ea100000, 0x00000006ea200000|  0%| F|  |TAMS 0x00000006ea100000, 0x00000006ea100000| Untracked 
| 148|0x00000006ea200000, 0x00000006ea200000, 0x00000006ea300000|  0%| F|  |TAMS 0x00000006ea200000, 0x00000006ea200000| Untracked 
| 149|0x00000006ea300000, 0x00000006ea300000, 0x00000006ea400000|  0%| F|  |TAMS 0x00000006ea300000, 0x00000006ea300000| Untracked 
| 150|0x00000006ea400000, 0x00000006ea400000, 0x00000006ea500000|  0%| F|  |TAMS 0x00000006ea400000, 0x00000006ea400000| Untracked 
| 151|0x00000006ea500000, 0x00000006ea500000, 0x00000006ea600000|  0%| F|  |TAMS 0x00000006ea500000, 0x00000006ea500000| Untracked 
| 152|0x00000006ea600000, 0x00000006ea600000, 0x00000006ea700000|  0%| F|  |TAMS 0x00000006ea600000, 0x00000006ea600000| Untracked 
| 153|0x00000006ea700000, 0x00000006ea700000, 0x00000006ea800000|  0%| F|  |TAMS 0x00000006ea700000, 0x00000006ea700000| Untracked 
| 154|0x00000006ea800000, 0x00000006ea800000, 0x00000006ea900000|  0%| F|  |TAMS 0x00000006ea800000, 0x00000006ea800000| Untracked 
| 155|0x00000006ea900000, 0x00000006ea900000, 0x00000006eaa00000|  0%| F|  |TAMS 0x00000006ea900000, 0x00000006ea900000| Untracked 
| 156|0x00000006eaa00000, 0x00000006eaa00000, 0x00000006eab00000|  0%| F|  |TAMS 0x00000006eaa00000, 0x00000006eaa00000| Untracked 
| 157|0x00000006eab00000, 0x00000006eab00000, 0x00000006eac00000|  0%| F|  |TAMS 0x00000006eab00000, 0x00000006eab00000| Untracked 
| 158|0x00000006eac00000, 0x00000006eac00000, 0x00000006ead00000|  0%| F|  |TAMS 0x00000006eac00000, 0x00000006eac00000| Untracked 
| 159|0x00000006ead00000, 0x00000006ead00000, 0x00000006eae00000|  0%| F|  |TAMS 0x00000006ead00000, 0x00000006ead00000| Untracked 
| 160|0x00000006eae00000, 0x00000006eae00000, 0x00000006eaf00000|  0%| F|  |TAMS 0x00000006eae00000, 0x00000006eae00000| Untracked 
| 161|0x00000006eaf00000, 0x00000006eaf00000, 0x00000006eb000000|  0%| F|  |TAMS 0x00000006eaf00000, 0x00000006eaf00000| Untracked 
| 162|0x00000006eb000000, 0x00000006eb000000, 0x00000006eb100000|  0%| F|  |TAMS 0x00000006eb000000, 0x00000006eb000000| Untracked 
| 163|0x00000006eb100000, 0x00000006eb100000, 0x00000006eb200000|  0%| F|  |TAMS 0x00000006eb100000, 0x00000006eb100000| Untracked 
| 164|0x00000006eb200000, 0x00000006eb200000, 0x00000006eb300000|  0%| F|  |TAMS 0x00000006eb200000, 0x00000006eb200000| Untracked 
| 165|0x00000006eb300000, 0x00000006eb300000, 0x00000006eb400000|  0%| F|  |TAMS 0x00000006eb300000, 0x00000006eb300000| Untracked 
| 166|0x00000006eb400000, 0x00000006eb400000, 0x00000006eb500000|  0%| F|  |TAMS 0x00000006eb400000, 0x00000006eb400000| Untracked 
| 167|0x00000006eb500000, 0x00000006eb500000, 0x00000006eb600000|  0%| F|  |TAMS 0x00000006eb500000, 0x00000006eb500000| Untracked 
| 168|0x00000006eb600000, 0x00000006eb600000, 0x00000006eb700000|  0%| F|  |TAMS 0x00000006eb600000, 0x00000006eb600000| Untracked 
| 169|0x00000006eb700000, 0x00000006eb700000, 0x00000006eb800000|  0%| F|  |TAMS 0x00000006eb700000, 0x00000006eb700000| Untracked 
| 170|0x00000006eb800000, 0x00000006eb800000, 0x00000006eb900000|  0%| F|  |TAMS 0x00000006eb800000, 0x00000006eb800000| Untracked 
| 171|0x00000006eb900000, 0x00000006eb900000, 0x00000006eba00000|  0%| F|  |TAMS 0x00000006eb900000, 0x00000006eb900000| Untracked 
| 172|0x00000006eba00000, 0x00000006eba00000, 0x00000006ebb00000|  0%| F|  |TAMS 0x00000006eba00000, 0x00000006eba00000| Untracked 
| 173|0x00000006ebb00000, 0x00000006ebb00000, 0x00000006ebc00000|  0%| F|  |TAMS 0x00000006ebb00000, 0x00000006ebb00000| Untracked 
| 174|0x00000006ebc00000, 0x00000006ebc00000, 0x00000006ebd00000|  0%| F|  |TAMS 0x00000006ebc00000, 0x00000006ebc00000| Untracked 
| 175|0x00000006ebd00000, 0x00000006ebd00000, 0x00000006ebe00000|  0%| F|  |TAMS 0x00000006ebd00000, 0x00000006ebd00000| Untracked 
| 176|0x00000006ebe00000, 0x00000006ebe00000, 0x00000006ebf00000|  0%| F|  |TAMS 0x00000006ebe00000, 0x00000006ebe00000| Untracked 
| 177|0x00000006ebf00000, 0x00000006ebf00000, 0x00000006ec000000|  0%| F|  |TAMS 0x00000006ebf00000, 0x00000006ebf00000| Untracked 
| 178|0x00000006ec000000, 0x00000006ec000000, 0x00000006ec100000|  0%| F|  |TAMS 0x00000006ec000000, 0x00000006ec000000| Untracked 
| 179|0x00000006ec100000, 0x00000006ec100000, 0x00000006ec200000|  0%| F|  |TAMS 0x00000006ec100000, 0x00000006ec100000| Untracked 
| 180|0x00000006ec200000, 0x00000006ec200000, 0x00000006ec300000|  0%| F|  |TAMS 0x00000006ec200000, 0x00000006ec200000| Untracked 
| 181|0x00000006ec300000, 0x00000006ec300000, 0x00000006ec400000|  0%| F|  |TAMS 0x00000006ec300000, 0x00000006ec300000| Untracked 
| 182|0x00000006ec400000, 0x00000006ec400000, 0x00000006ec500000|  0%| F|  |TAMS 0x00000006ec400000, 0x00000006ec400000| Untracked 
| 183|0x00000006ec500000, 0x00000006ec500000, 0x00000006ec600000|  0%| F|  |TAMS 0x00000006ec500000, 0x00000006ec500000| Untracked 
| 184|0x00000006ec600000, 0x00000006ec600000, 0x00000006ec700000|  0%| F|  |TAMS 0x00000006ec600000, 0x00000006ec600000| Untracked 
| 185|0x00000006ec700000, 0x00000006ec700000, 0x00000006ec800000|  0%| F|  |TAMS 0x00000006ec700000, 0x00000006ec700000| Untracked 
| 186|0x00000006ec800000, 0x00000006ec800000, 0x00000006ec900000|  0%| F|  |TAMS 0x00000006ec800000, 0x00000006ec800000| Untracked 
| 187|0x00000006ec900000, 0x00000006ec900000, 0x00000006eca00000|  0%| F|  |TAMS 0x00000006ec900000, 0x00000006ec900000| Untracked 
| 188|0x00000006eca00000, 0x00000006eca00000, 0x00000006ecb00000|  0%| F|  |TAMS 0x00000006eca00000, 0x00000006eca00000| Untracked 
| 189|0x00000006ecb00000, 0x00000006ecb00000, 0x00000006ecc00000|  0%| F|  |TAMS 0x00000006ecb00000, 0x00000006ecb00000| Untracked 
| 190|0x00000006ecc00000, 0x00000006ecc00000, 0x00000006ecd00000|  0%| F|  |TAMS 0x00000006ecc00000, 0x00000006ecc00000| Untracked 
| 191|0x00000006ecd00000, 0x00000006ecd00000, 0x00000006ece00000|  0%| F|  |TAMS 0x00000006ecd00000, 0x00000006ecd00000| Untracked 
| 192|0x00000006ece00000, 0x00000006ece00000, 0x00000006ecf00000|  0%| F|  |TAMS 0x00000006ece00000, 0x00000006ece00000| Untracked 
| 193|0x00000006ecf00000, 0x00000006ecf00000, 0x00000006ed000000|  0%| F|  |TAMS 0x00000006ecf00000, 0x00000006ecf00000| Untracked 
| 194|0x00000006ed000000, 0x00000006ed000000, 0x00000006ed100000|  0%| F|  |TAMS 0x00000006ed000000, 0x00000006ed000000| Untracked 
| 195|0x00000006ed100000, 0x00000006ed100000, 0x00000006ed200000|  0%| F|  |TAMS 0x00000006ed100000, 0x00000006ed100000| Untracked 
| 196|0x00000006ed200000, 0x00000006ed200000, 0x00000006ed300000|  0%| F|  |TAMS 0x00000006ed200000, 0x00000006ed200000| Untracked 
| 197|0x00000006ed300000, 0x00000006ed300000, 0x00000006ed400000|  0%| F|  |TAMS 0x00000006ed300000, 0x00000006ed300000| Untracked 
| 198|0x00000006ed400000, 0x00000006ed400000, 0x00000006ed500000|  0%| F|  |TAMS 0x00000006ed400000, 0x00000006ed400000| Untracked 
| 199|0x00000006ed500000, 0x00000006ed500000, 0x00000006ed600000|  0%| F|  |TAMS 0x00000006ed500000, 0x00000006ed500000| Untracked 
| 200|0x00000006ed600000, 0x00000006ed600000, 0x00000006ed700000|  0%| F|  |TAMS 0x00000006ed600000, 0x00000006ed600000| Untracked 
| 201|0x00000006ed700000, 0x00000006ed700000, 0x00000006ed800000|  0%| F|  |TAMS 0x00000006ed700000, 0x00000006ed700000| Untracked 
| 202|0x00000006ed800000, 0x00000006ed800000, 0x00000006ed900000|  0%| F|  |TAMS 0x00000006ed800000, 0x00000006ed800000| Untracked 
| 203|0x00000006ed900000, 0x00000006ed900000, 0x00000006eda00000|  0%| F|  |TAMS 0x00000006ed900000, 0x00000006ed900000| Untracked 
| 204|0x00000006eda00000, 0x00000006eda00000, 0x00000006edb00000|  0%| F|  |TAMS 0x00000006eda00000, 0x00000006eda00000| Untracked 
| 205|0x00000006edb00000, 0x00000006edb00000, 0x00000006edc00000|  0%| F|  |TAMS 0x00000006edb00000, 0x00000006edb00000| Untracked 
| 206|0x00000006edc00000, 0x00000006edc00000, 0x00000006edd00000|  0%| F|  |TAMS 0x00000006edc00000, 0x00000006edc00000| Untracked 
| 207|0x00000006edd00000, 0x00000006edd00000, 0x00000006ede00000|  0%| F|  |TAMS 0x00000006edd00000, 0x00000006edd00000| Untracked 
| 208|0x00000006ede00000, 0x00000006ede00000, 0x00000006edf00000|  0%| F|  |TAMS 0x00000006ede00000, 0x00000006ede00000| Untracked 
| 209|0x00000006edf00000, 0x00000006edf00000, 0x00000006ee000000|  0%| F|  |TAMS 0x00000006edf00000, 0x00000006edf00000| Untracked 
| 210|0x00000006ee000000, 0x00000006ee000000, 0x00000006ee100000|  0%| F|  |TAMS 0x00000006ee000000, 0x00000006ee000000| Untracked 
| 211|0x00000006ee100000, 0x00000006ee100000, 0x00000006ee200000|  0%| F|  |TAMS 0x00000006ee100000, 0x00000006ee100000| Untracked 
| 212|0x00000006ee200000, 0x00000006ee200000, 0x00000006ee300000|  0%| F|  |TAMS 0x00000006ee200000, 0x00000006ee200000| Untracked 
| 213|0x00000006ee300000, 0x00000006ee300000, 0x00000006ee400000|  0%| F|  |TAMS 0x00000006ee300000, 0x00000006ee300000| Untracked 
| 214|0x00000006ee400000, 0x00000006ee400000, 0x00000006ee500000|  0%| F|  |TAMS 0x00000006ee400000, 0x00000006ee400000| Untracked 
| 215|0x00000006ee500000, 0x00000006ee500000, 0x00000006ee600000|  0%| F|  |TAMS 0x00000006ee500000, 0x00000006ee500000| Untracked 
| 216|0x00000006ee600000, 0x00000006ee600000, 0x00000006ee700000|  0%| F|  |TAMS 0x00000006ee600000, 0x00000006ee600000| Untracked 
| 217|0x00000006ee700000, 0x00000006ee700000, 0x00000006ee800000|  0%| F|  |TAMS 0x00000006ee700000, 0x00000006ee700000| Untracked 
| 218|0x00000006ee800000, 0x00000006ee800000, 0x00000006ee900000|  0%| F|  |TAMS 0x00000006ee800000, 0x00000006ee800000| Untracked 
| 219|0x00000006ee900000, 0x00000006ee900000, 0x00000006eea00000|  0%| F|  |TAMS 0x00000006ee900000, 0x00000006ee900000| Untracked 
| 220|0x00000006eea00000, 0x00000006eea00000, 0x00000006eeb00000|  0%| F|  |TAMS 0x00000006eea00000, 0x00000006eea00000| Untracked 
| 221|0x00000006eeb00000, 0x00000006eeb00000, 0x00000006eec00000|  0%| F|  |TAMS 0x00000006eeb00000, 0x00000006eeb00000| Untracked 
| 222|0x00000006eec00000, 0x00000006eec00000, 0x00000006eed00000|  0%| F|  |TAMS 0x00000006eec00000, 0x00000006eec00000| Untracked 
| 223|0x00000006eed00000, 0x00000006eed00000, 0x00000006eee00000|  0%| F|  |TAMS 0x00000006eed00000, 0x00000006eed00000| Untracked 
| 224|0x00000006eee00000, 0x00000006eee00000, 0x00000006eef00000|  0%| F|  |TAMS 0x00000006eee00000, 0x00000006eee00000| Untracked 
| 225|0x00000006eef00000, 0x00000006eef00000, 0x00000006ef000000|  0%| F|  |TAMS 0x00000006eef00000, 0x00000006eef00000| Untracked 
| 226|0x00000006ef000000, 0x00000006ef000000, 0x00000006ef100000|  0%| F|  |TAMS 0x00000006ef000000, 0x00000006ef000000| Untracked 
| 227|0x00000006ef100000, 0x00000006ef100000, 0x00000006ef200000|  0%| F|  |TAMS 0x00000006ef100000, 0x00000006ef100000| Untracked 
| 228|0x00000006ef200000, 0x00000006ef200000, 0x00000006ef300000|  0%| F|  |TAMS 0x00000006ef200000, 0x00000006ef200000| Untracked 
| 229|0x00000006ef300000, 0x00000006ef300000, 0x00000006ef400000|  0%| F|  |TAMS 0x00000006ef300000, 0x00000006ef300000| Untracked 
| 230|0x00000006ef400000, 0x00000006ef400000, 0x00000006ef500000|  0%| F|  |TAMS 0x00000006ef400000, 0x00000006ef400000| Untracked 
| 231|0x00000006ef500000, 0x00000006ef500000, 0x00000006ef600000|  0%| F|  |TAMS 0x00000006ef500000, 0x00000006ef500000| Untracked 
| 232|0x00000006ef600000, 0x00000006ef600000, 0x00000006ef700000|  0%| F|  |TAMS 0x00000006ef600000, 0x00000006ef600000| Untracked 
| 233|0x00000006ef700000, 0x00000006ef780800, 0x00000006ef800000| 50%| E|  |TAMS 0x00000006ef700000, 0x00000006ef700000| Complete 
| 234|0x00000006ef800000, 0x00000006ef900000, 0x00000006ef900000|100%| E|CS|TAMS 0x00000006ef800000, 0x00000006ef800000| Complete 
| 235|0x00000006ef900000, 0x00000006efa00000, 0x00000006efa00000|100%| E|CS|TAMS 0x00000006ef900000, 0x00000006ef900000| Complete 
| 236|0x00000006efa00000, 0x00000006efb00000, 0x00000006efb00000|100%| E|CS|TAMS 0x00000006efa00000, 0x00000006efa00000| Complete 
| 237|0x00000006efb00000, 0x00000006efc00000, 0x00000006efc00000|100%| E|CS|TAMS 0x00000006efb00000, 0x00000006efb00000| Complete 
| 238|0x00000006efc00000, 0x00000006efd00000, 0x00000006efd00000|100%| E|CS|TAMS 0x00000006efc00000, 0x00000006efc00000| Complete 
| 239|0x00000006efd00000, 0x00000006efe00000, 0x00000006efe00000|100%| E|CS|TAMS 0x00000006efd00000, 0x00000006efd00000| Complete 
| 240|0x00000006efe00000, 0x00000006eff00000, 0x00000006eff00000|100%| E|CS|TAMS 0x00000006efe00000, 0x00000006efe00000| Complete 
| 241|0x00000006eff00000, 0x00000006f0000000, 0x00000006f0000000|100%| E|CS|TAMS 0x00000006eff00000, 0x00000006eff00000| Complete 
| 242|0x00000006f0000000, 0x00000006f0100000, 0x00000006f0100000|100%| E|CS|TAMS 0x00000006f0000000, 0x00000006f0000000| Complete 
| 243|0x00000006f0100000, 0x00000006f0200000, 0x00000006f0200000|100%| E|CS|TAMS 0x00000006f0100000, 0x00000006f0100000| Complete 
| 244|0x00000006f0200000, 0x00000006f0300000, 0x00000006f0300000|100%| E|CS|TAMS 0x00000006f0200000, 0x00000006f0200000| Complete 
| 245|0x00000006f0300000, 0x00000006f0400000, 0x00000006f0400000|100%| E|CS|TAMS 0x00000006f0300000, 0x00000006f0300000| Complete 
| 246|0x00000006f0400000, 0x00000006f0500000, 0x00000006f0500000|100%| E|CS|TAMS 0x00000006f0400000, 0x00000006f0400000| Complete 
| 247|0x00000006f0500000, 0x00000006f0600000, 0x00000006f0600000|100%| E|CS|TAMS 0x00000006f0500000, 0x00000006f0500000| Complete 
| 248|0x00000006f0600000, 0x00000006f0700000, 0x00000006f0700000|100%| E|CS|TAMS 0x00000006f0600000, 0x00000006f0600000| Complete 
| 249|0x00000006f0700000, 0x00000006f0800000, 0x00000006f0800000|100%| E|CS|TAMS 0x00000006f0700000, 0x00000006f0700000| Complete 
| 250|0x00000006f0800000, 0x00000006f0900000, 0x00000006f0900000|100%| E|CS|TAMS 0x00000006f0800000, 0x00000006f0800000| Complete 
| 251|0x00000006f0900000, 0x00000006f0a00000, 0x00000006f0a00000|100%| E|CS|TAMS 0x00000006f0900000, 0x00000006f0900000| Complete 
| 252|0x00000006f0a00000, 0x00000006f0b00000, 0x00000006f0b00000|100%| E|CS|TAMS 0x00000006f0a00000, 0x00000006f0a00000| Complete 
| 253|0x00000006f0b00000, 0x00000006f0b89720, 0x00000006f0c00000| 53%| S|CS|TAMS 0x00000006f0b00000, 0x00000006f0b00000| Complete 
| 254|0x00000006f0c00000, 0x00000006f0d00000, 0x00000006f0d00000|100%| S|CS|TAMS 0x00000006f0c00000, 0x00000006f0c00000| Complete 
| 255|0x00000006f0d00000, 0x00000006f0e00000, 0x00000006f0e00000|100%| S|CS|TAMS 0x00000006f0d00000, 0x00000006f0d00000| Complete 
| 256|0x00000006f0e00000, 0x00000006f0f00000, 0x00000006f0f00000|100%| S|CS|TAMS 0x00000006f0e00000, 0x00000006f0e00000| Complete 
| 257|0x00000006f0f00000, 0x00000006f1000000, 0x00000006f1000000|100%| S|CS|TAMS 0x00000006f0f00000, 0x00000006f0f00000| Complete 
| 258|0x00000006f1000000, 0x00000006f1100000, 0x00000006f1100000|100%| S|CS|TAMS 0x00000006f1000000, 0x00000006f1000000| Complete 
| 259|0x00000006f1100000, 0x00000006f1200000, 0x00000006f1200000|100%| S|CS|TAMS 0x00000006f1100000, 0x00000006f1100000| Complete 
| 260|0x00000006f1200000, 0x00000006f1300000, 0x00000006f1300000|100%| E|CS|TAMS 0x00000006f1200000, 0x00000006f1200000| Complete 
| 261|0x00000006f1300000, 0x00000006f1400000, 0x00000006f1400000|100%| E|CS|TAMS 0x00000006f1300000, 0x00000006f1300000| Complete 
| 262|0x00000006f1400000, 0x00000006f1500000, 0x00000006f1500000|100%| E|CS|TAMS 0x00000006f1400000, 0x00000006f1400000| Complete 
| 263|0x00000006f1500000, 0x00000006f1600000, 0x00000006f1600000|100%| E|CS|TAMS 0x00000006f1500000, 0x00000006f1500000| Complete 
| 264|0x00000006f1600000, 0x00000006f1700000, 0x00000006f1700000|100%| E|CS|TAMS 0x00000006f1600000, 0x00000006f1600000| Complete 
| 265|0x00000006f1700000, 0x00000006f1800000, 0x00000006f1800000|100%| E|CS|TAMS 0x00000006f1700000, 0x00000006f1700000| Complete 
| 266|0x00000006f1800000, 0x00000006f1900000, 0x00000006f1900000|100%| E|CS|TAMS 0x00000006f1800000, 0x00000006f1800000| Complete 
| 267|0x00000006f1900000, 0x00000006f1a00000, 0x00000006f1a00000|100%| E|CS|TAMS 0x00000006f1900000, 0x00000006f1900000| Complete 
| 268|0x00000006f1a00000, 0x00000006f1b00000, 0x00000006f1b00000|100%| E|CS|TAMS 0x00000006f1a00000, 0x00000006f1a00000| Complete 
| 269|0x00000006f1b00000, 0x00000006f1c00000, 0x00000006f1c00000|100%| E|CS|TAMS 0x00000006f1b00000, 0x00000006f1b00000| Complete 
| 270|0x00000006f1c00000, 0x00000006f1d00000, 0x00000006f1d00000|100%| E|CS|TAMS 0x00000006f1c00000, 0x00000006f1c00000| Complete 
| 271|0x00000006f1d00000, 0x00000006f1e00000, 0x00000006f1e00000|100%| E|CS|TAMS 0x00000006f1d00000, 0x00000006f1d00000| Complete 
| 272|0x00000006f1e00000, 0x00000006f1f00000, 0x00000006f1f00000|100%| E|CS|TAMS 0x00000006f1e00000, 0x00000006f1e00000| Complete 
| 273|0x00000006f1f00000, 0x00000006f2000000, 0x00000006f2000000|100%| E|CS|TAMS 0x00000006f1f00000, 0x00000006f1f00000| Complete 
| 274|0x00000006f2000000, 0x00000006f2100000, 0x00000006f2100000|100%| E|CS|TAMS 0x00000006f2000000, 0x00000006f2000000| Complete 
| 275|0x00000006f2100000, 0x00000006f2200000, 0x00000006f2200000|100%| E|CS|TAMS 0x00000006f2100000, 0x00000006f2100000| Complete 
| 276|0x00000006f2200000, 0x00000006f2300000, 0x00000006f2300000|100%| E|CS|TAMS 0x00000006f2200000, 0x00000006f2200000| Complete 
| 277|0x00000006f2300000, 0x00000006f2400000, 0x00000006f2400000|100%| E|CS|TAMS 0x00000006f2300000, 0x00000006f2300000| Complete 
| 278|0x00000006f2400000, 0x00000006f2500000, 0x00000006f2500000|100%| E|CS|TAMS 0x00000006f2400000, 0x00000006f2400000| Complete 
| 279|0x00000006f2500000, 0x00000006f2600000, 0x00000006f2600000|100%| E|CS|TAMS 0x00000006f2500000, 0x00000006f2500000| Complete 
| 280|0x00000006f2600000, 0x00000006f2700000, 0x00000006f2700000|100%| E|CS|TAMS 0x00000006f2600000, 0x00000006f2600000| Complete 
| 281|0x00000006f2700000, 0x00000006f2800000, 0x00000006f2800000|100%| E|CS|TAMS 0x00000006f2700000, 0x00000006f2700000| Complete 
| 282|0x00000006f2800000, 0x00000006f2900000, 0x00000006f2900000|100%| E|CS|TAMS 0x00000006f2800000, 0x00000006f2800000| Complete 
| 283|0x00000006f2900000, 0x00000006f2a00000, 0x00000006f2a00000|100%| E|CS|TAMS 0x00000006f2900000, 0x00000006f2900000| Complete 
| 284|0x00000006f2a00000, 0x00000006f2b00000, 0x00000006f2b00000|100%| E|CS|TAMS 0x00000006f2a00000, 0x00000006f2a00000| Complete 
| 285|0x00000006f2b00000, 0x00000006f2c00000, 0x00000006f2c00000|100%| E|CS|TAMS 0x00000006f2b00000, 0x00000006f2b00000| Complete 
| 286|0x00000006f2c00000, 0x00000006f2d00000, 0x00000006f2d00000|100%| E|CS|TAMS 0x00000006f2c00000, 0x00000006f2c00000| Complete 
| 287|0x00000006f2d00000, 0x00000006f2e00000, 0x00000006f2e00000|100%| E|CS|TAMS 0x00000006f2d00000, 0x00000006f2d00000| Complete 

Card table byte_map: [0x000001ab67f70000,0x000001ab68870000] _byte_map_base: 0x000001ab64869000

Marking Bits (Prev, Next): (CMBitMap*) 0x000001ab4ddaf190, (CMBitMap*) 0x000001ab4ddaf158
 Prev Bits: [0x000001ab6d940000, 0x000001ab72108000)
 Next Bits: [0x000001ab69170000, 0x000001ab6d938000)

Polling page: 0x000001ab4de10000

Metaspace:

Usage:
  Non-class:     23.15 MB capacity,    22.95 MB (>99%) used,   173.06 KB ( <1%) free+waste,    34.38 KB ( <1%) overhead. 
      Class:      3.02 MB capacity,     2.94 MB ( 97%) used,    69.15 KB (  2%) free+waste,    13.69 KB ( <1%) overhead. 
       Both:     26.17 MB capacity,    25.89 MB ( 99%) used,   242.21 KB ( <1%) free+waste,    48.06 KB ( <1%) overhead. 

Virtual space:
  Non-class space:       24.00 MB reserved,      23.25 MB ( 97%) committed 
      Class space:        1.00 GB reserved,       3.13 MB ( <1%) committed 
             Both:        1.02 GB reserved,      26.38 MB (  3%) committed 

Chunk freelists:
   Non-Class:  34.00 KB
       Class:  13.00 KB
        Both:  47.00 KB

MaxMetaspaceSize: 17179869184.00 GB
CompressedClassSpaceSize: 1.00 GB

CodeHeap 'non-profiled nmethods': size=120000Kb used=1771Kb max_used=1771Kb free=118228Kb
 bounds [0x000001ab5f6c0000, 0x000001ab5f930000, 0x000001ab66bf0000]
CodeHeap 'profiled nmethods': size=120000Kb used=7303Kb max_used=7303Kb free=112696Kb
 bounds [0x000001ab58190000, 0x000001ab588c0000, 0x000001ab5f6c0000]
CodeHeap 'non-nmethods': size=5760Kb used=1165Kb max_used=1230Kb free=4594Kb
 bounds [0x000001ab57bf0000, 0x000001ab57e60000, 0x000001ab58190000]
 total_blobs=4071 nmethods=3573 adapters=409
 compilation: enabled
              stopped_count=0, restarted_count=0
 full_count=0

Compilation events (20 events):
Event: 5.311 Thread 0x000001ab7561b000 nmethod 3596 0x000001ab588ae010 code [0x000001ab588ae1c0, 0x000001ab588ae458]
Event: 5.311 Thread 0x000001ab7561b000 3598       3       sun.nio.fs.WindowsPathParser::isLetter (30 bytes)
Event: 5.311 Thread 0x000001ab7561b000 nmethod 3598 0x000001ab588ae510 code [0x000001ab588ae6c0, 0x000001ab588ae898]
Event: 5.311 Thread 0x000001ab7561b000 3590       3       sun.nio.fs.WindowsPath::getFileName (87 bytes)
Event: 5.313 Thread 0x000001ab7561b000 nmethod 3590 0x000001ab588ae910 code [0x000001ab588aebc0, 0x000001ab588af8e8]
Event: 5.314 Thread 0x000001ab7561b000 3604       3       java.io.FileInputStream::read (9 bytes)
Event: 5.314 Thread 0x000001ab7561b000 nmethod 3604 0x000001ab588afd90 code [0x000001ab588aff40, 0x000001ab588b0088]
Event: 5.315 Thread 0x000001ab75616000 nmethod 3602 0x000001ab5f879b90 code [0x000001ab5f879d40, 0x000001ab5f87a098]
Event: 5.322 Thread 0x000001ab7561b000 3605       3       jdk.internal.loader.URLClassPath::getResource (74 bytes)
Event: 5.322 Thread 0x000001ab7561b000 nmethod 3605 0x000001ab588b0190 code [0x000001ab588b0360, 0x000001ab588b0698]
Event: 5.336 Thread 0x000001ab7561b000 3606   !   3       java.nio.DirectByteBuffer::put (32 bytes)
Event: 5.337 Thread 0x000001ab75616000 3609       4       java.nio.DirectByteBuffer::ix (10 bytes)
Event: 5.337 Thread 0x000001ab7561b000 nmethod 3606 0x000001ab588b0810 code [0x000001ab588b09e0, 0x000001ab588b0cd8]
Event: 5.337 Thread 0x000001ab7561b000 3607       3       jdk.internal.misc.Unsafe::putByte (8 bytes)
Event: 5.337 Thread 0x000001ab75616000 nmethod 3609 0x000001ab5f87a710 code [0x000001ab5f87a8a0, 0x000001ab5f87a918]
Event: 5.337 Thread 0x000001ab7561b000 nmethod 3607 0x000001ab588b0f10 code [0x000001ab588b10c0, 0x000001ab588b11d8]
Event: 5.355 Thread 0x000001ab7561b000 3613       3       jdk.internal.org.objectweb.asm.MethodWriter::visitInsn (114 bytes)
Event: 5.356 Thread 0x000001ab7561b000 nmethod 3613 0x000001ab588b1290 code [0x000001ab588b1480, 0x000001ab588b18a8]
Event: 5.356 Thread 0x000001ab7561b000 3612       3       java.lang.invoke.MemberName::isMethod (7 bytes)
Event: 5.356 Thread 0x000001ab7561b000 nmethod 3612 0x000001ab588b1a90 code [0x000001ab588b1c40, 0x000001ab588b1e78]

GC Heap History (8 events):
Event: 0.900 GC heap before
{Heap before GC invocations=0 (full 0):
 garbage-first heap   total 294912K, used 24576K [0x00000006e0e00000, 0x0000000800000000)
  region size 1024K, 24 young (24576K), 0 survivors (0K)
 Metaspace       used 9834K, capacity 9977K, committed 10240K, reserved 1058816K
  class space    used 908K, capacity 959K, committed 1024K, reserved 1048576K
}
Event: 0.907 GC heap after
{Heap after GC invocations=1 (full 0):
 garbage-first heap   total 294912K, used 7129K [0x00000006e0e00000, 0x0000000800000000)
  region size 1024K, 3 young (3072K), 3 survivors (3072K)
 Metaspace       used 9834K, capacity 9977K, committed 10240K, reserved 1058816K
  class space    used 908K, capacity 959K, committed 1024K, reserved 1048576K
}
Event: 1.071 GC heap before
{Heap before GC invocations=1 (full 0):
 garbage-first heap   total 294912K, used 22489K [0x00000006e0e00000, 0x0000000800000000)
  region size 1024K, 18 young (18432K), 3 survivors (3072K)
 Metaspace       used 10355K, capacity 10553K, committed 10752K, reserved 1058816K
  class space    used 959K, capacity 1023K, committed 1024K, reserved 1048576K
}
Event: 1.078 GC heap after
{Heap after GC invocations=2 (full 0):
 garbage-first heap   total 294912K, used 11459K [0x00000006e0e00000, 0x0000000800000000)
  region size 1024K, 3 young (3072K), 3 survivors (3072K)
 Metaspace       used 10355K, capacity 10553K, committed 10752K, reserved 1058816K
  class space    used 959K, capacity 1023K, committed 1024K, reserved 1048576K
}
Event: 2.190 GC heap before
{Heap before GC invocations=2 (full 0):
 garbage-first heap   total 294912K, used 55491K [0x00000006e0e00000, 0x0000000800000000)
  region size 1024K, 41 young (41984K), 3 survivors (3072K)
 Metaspace       used 17239K, capacity 17438K, committed 17664K, reserved 1064960K
  class space    used 1880K, capacity 1972K, committed 2048K, reserved 1048576K
}
Event: 2.201 GC heap after
{Heap after GC invocations=3 (full 0):
 garbage-first heap   total 294912K, used 16762K [0x00000006e0e00000, 0x0000000800000000)
  region size 1024K, 6 young (6144K), 6 survivors (6144K)
 Metaspace       used 17239K, capacity 17438K, committed 17664K, reserved 1064960K
  class space    used 1880K, capacity 1972K, committed 2048K, reserved 1048576K
}
Event: 2.975 GC heap before
{Heap before GC invocations=3 (full 0):
 garbage-first heap   total 294912K, used 43386K [0x00000006e0e00000, 0x0000000800000000)
  region size 1024K, 34 young (34816K), 6 survivors (6144K)
 Metaspace       used 20945K, capacity 21124K, committed 21248K, reserved 1069056K
  class space    used 2370K, capacity 2465K, committed 2560K, reserved 1048576K
}
Event: 2.989 GC heap after
{Heap after GC invocations=4 (full 0):
 garbage-first heap   total 294912K, used 20141K [0x00000006e0e00000, 0x0000000800000000)
  region size 1024K, 7 young (7168K), 7 survivors (7168K)
 Metaspace       used 20945K, capacity 21124K, committed 21248K, reserved 1069056K
  class space    used 2370K, capacity 2465K, committed 2560K, reserved 1048576K
}

Deoptimization events (20 events):
Event: 4.844 Thread 0x000001ab4dd40800 Uncommon trap: trap_request=0xffffff4d fr.pc=0x000001ab5f7d7ebc relative=0x0000000000002d7c
Event: 4.844 Thread 0x000001ab4dd40800 Uncommon trap: reason=unstable_if action=reinterpret pc=0x000001ab5f7d7ebc method=jdk.internal.loader.URLClassPath.getResource(Ljava/lang/String;Z)Ljdk/internal/loader/Resource; @ 47 c2
Event: 4.844 Thread 0x000001ab4dd40800 DEOPT PACKING pc=0x000001ab5f7d7ebc sp=0x0000007e5fffb8e0
Event: 4.844 Thread 0x000001ab4dd40800 DEOPT UNPACKING pc=0x000001ab57c17b2f sp=0x0000007e5fffb940 mode 2
Event: 4.849 Thread 0x000001ab4dd40800 Uncommon trap: trap_request=0xffffff4d fr.pc=0x000001ab5f6e6b3c relative=0x00000000000000fc
Event: 4.849 Thread 0x000001ab4dd40800 Uncommon trap: reason=unstable_if action=reinterpret pc=0x000001ab5f6e6b3c method=java.lang.ThreadLocal$ThreadLocalMap.getEntry(Ljava/lang/ThreadLocal;)Ljava/lang/ThreadLocal$ThreadLocalMap$Entry; @ 29 c2
Event: 4.849 Thread 0x000001ab4dd40800 DEOPT PACKING pc=0x000001ab5f6e6b3c sp=0x0000007e5fffc370
Event: 4.849 Thread 0x000001ab4dd40800 DEOPT UNPACKING pc=0x000001ab57c17b2f sp=0x0000007e5fffc318 mode 2
Event: 4.887 Thread 0x000001ab4dd40800 Uncommon trap: trap_request=0xffffff6e fr.pc=0x000001ab5f7c0838 relative=0x00000000000005d8
Event: 4.887 Thread 0x000001ab4dd40800 Uncommon trap: reason=speculate_class_check action=maybe_recompile pc=0x000001ab5f7c0838 method=sun.security.provider.DigestBase.implCompressMultiBlock([BII)I @ 11 c2
Event: 4.887 Thread 0x000001ab4dd40800 DEOPT PACKING pc=0x000001ab5f7c0838 sp=0x0000007e5fffa3b0
Event: 4.887 Thread 0x000001ab4dd40800 DEOPT UNPACKING pc=0x000001ab57c17b2f sp=0x0000007e5fffa2e8 mode 2
Event: 4.887 Thread 0x000001ab4dd40800 Uncommon trap: trap_request=0xffffff4d fr.pc=0x000001ab5f7c0660 relative=0x0000000000000400
Event: 4.887 Thread 0x000001ab4dd40800 Uncommon trap: reason=unstable_if action=reinterpret pc=0x000001ab5f7c0660 method=sun.security.provider.DigestBase.engineUpdate([BII)V @ 1 c2
Event: 4.888 Thread 0x000001ab4dd40800 DEOPT PACKING pc=0x000001ab5f7c0660 sp=0x0000007e5fffa3b0
Event: 4.888 Thread 0x000001ab4dd40800 DEOPT UNPACKING pc=0x000001ab57c17b2f sp=0x0000007e5fffa378 mode 2
Event: 5.288 Thread 0x000001ab4dd40800 Uncommon trap: trap_request=0xffffff4d fr.pc=0x000001ab5f74c9f8 relative=0x00000000000016b8
Event: 5.288 Thread 0x000001ab4dd40800 Uncommon trap: reason=unstable_if action=reinterpret pc=0x000001ab5f74c9f8 method=java.io.WinNTFileSystem.normalize(Ljava/lang/String;)Ljava/lang/String; @ 128 c2
Event: 5.288 Thread 0x000001ab4dd40800 DEOPT PACKING pc=0x000001ab5f74c9f8 sp=0x0000007e5fffa3d0
Event: 5.288 Thread 0x000001ab4dd40800 DEOPT UNPACKING pc=0x000001ab57c17b2f sp=0x0000007e5fffa3a8 mode 2

Classes redefined (0 events):
No events

Internal exceptions (20 events):
Event: 0.884 Thread 0x000001ab4dd40800 Exception <a 'java/lang/ClassNotFoundException'{0x00000006f162bac0}: org/apache/log4j/PatternLayoutCustomizer> (0x00000006f162bac0) thrown at [./src/hotspot/share/classfile/systemDictionary.cpp, line 231]
Event: 0.890 Thread 0x000001ab4dd40800 Implicit null exception at 0x000001ab5f6fc374 to 0x000001ab5f6fc8e8
Event: 2.939 Thread 0x000001ab4dd40800 Implicit null exception at 0x000001ab5f7064f4 to 0x000001ab5f706a90
Event: 3.375 Thread 0x000001ab4dd40800 Implicit null exception at 0x000001ab5f74794b to 0x000001ab5f748278
Event: 3.809 Thread 0x000001ab4dd40800 Implicit null exception at 0x000001ab5f7eb0f5 to 0x000001ab5f7ec788
Event: 3.849 Thread 0x000001ab4dd40800 Implicit null exception at 0x000001ab5f801c20 to 0x000001ab5f80432c
Event: 4.061 Thread 0x000001ab4dd40800 Exception <a 'java/io/FileNotFoundException'{0x00000006f18fb8b0}> (0x00000006f18fb8b0) thrown at [./src/hotspot/share/prims/jni.cpp, line 615]
Event: 4.088 Thread 0x000001ab4dd40800 Exception <a 'java/io/FileNotFoundException'{0x00000006f17ac1f0}> (0x00000006f17ac1f0) thrown at [./src/hotspot/share/prims/jni.cpp, line 615]
Event: 4.311 Thread 0x000001ab4dd40800 Exception <a 'java/io/FileNotFoundException'{0x00000006f12e20c8}> (0x00000006f12e20c8) thrown at [./src/hotspot/share/prims/jni.cpp, line 615]
Event: 4.336 Thread 0x000001ab4dd40800 Exception <a 'java/io/FileNotFoundException'{0x00000006f0a8d608}> (0x00000006f0a8d608) thrown at [./src/hotspot/share/prims/jni.cpp, line 615]
Event: 4.340 Thread 0x000001ab4dd40800 Exception <a 'java/io/FileNotFoundException'{0x00000006f0a999d8}> (0x00000006f0a999d8) thrown at [./src/hotspot/share/prims/jni.cpp, line 615]
Event: 4.343 Thread 0x000001ab4dd40800 Exception <a 'java/io/FileNotFoundException'{0x00000006f0aa5df0}> (0x00000006f0aa5df0) thrown at [./src/hotspot/share/prims/jni.cpp, line 615]
Event: 4.879 Thread 0x000001ab4dd40800 Exception <a 'java/lang/NoSuchMethodError'{0x00000006ef99dcd0}: 'java.lang.Object java.lang.invoke.DirectMethodHandle$Holder.invokeStaticInit(java.lang.Object, int, int, int, int)'> (0x00000006ef99dcd0) thrown at [./src/hotspot/share/interpreter/linkResolver.cpp, line 773]
Event: 5.297 Thread 0x000001ab4dd40800 Exception <a 'java/lang/NoSuchMethodError'{0x00000006ef9fc8e8}: 'java.lang.Object java.lang.invoke.DirectMethodHandle$Holder.invokeStaticInit(java.lang.Object, java.lang.Object, int, int, int, int)'> (0x00000006ef9fc8e8) thrown at [./src/hotspot/share/interpreter/linkResolver.cpp, line 773]
Event: 5.353 Thread 0x000001ab4dd40800 Exception <a 'java/security/PrivilegedActionException'{0x00000006ef8bea58}> (0x00000006ef8bea58) thrown at [./src/hotspot/share/prims/jvm.cpp, line 1306]
Event: 5.353 Thread 0x000001ab4dd40800 Exception <a 'java/security/PrivilegedActionException'{0x00000006ef8c01a0}> (0x00000006ef8c01a0) thrown at [./src/hotspot/share/prims/jvm.cpp, line 1306]
Event: 5.353 Thread 0x000001ab4dd40800 Exception <a 'java/security/PrivilegedActionException'{0x00000006ef8c1808}> (0x00000006ef8c1808) thrown at [./src/hotspot/share/prims/jvm.cpp, line 1306]
Event: 5.356 Thread 0x000001ab4dd40800 Exception <a 'java/security/PrivilegedActionException'{0x00000006ef8ce540}> (0x00000006ef8ce540) thrown at [./src/hotspot/share/prims/jvm.cpp, line 1306]
Event: 5.356 Thread 0x000001ab4dd40800 Exception <a 'java/security/PrivilegedActionException'{0x00000006ef8cfba0}> (0x00000006ef8cfba0) thrown at [./src/hotspot/share/prims/jvm.cpp, line 1306]
Event: 5.356 Thread 0x000001ab4dd40800 Exception <a 'java/security/PrivilegedActionException'{0x00000006ef8d11c0}> (0x00000006ef8d11c0) thrown at [./src/hotspot/share/prims/jvm.cpp, line 1306]

Events (20 events):
Event: 5.373 loading class org/lwjgl/MemoryUtil$Accessor
Event: 5.373 loading class org/lwjgl/MemoryUtil$Accessor done
Event: 5.374 loading class java/nio/charset/CharacterCodingException
Event: 5.374 loading class java/nio/charset/CharacterCodingException done
Event: 5.375 loading class org/lwjgl/MemoryUtilSun$AccessorUnsafe
Event: 5.375 loading class org/lwjgl/MemoryUtilSun$AccessorUnsafe done
Event: 5.376 loading class sun/misc/Unsafe
Event: 5.377 loading class sun/misc/Unsafe done
Event: 5.378 loading class org/lwjgl/MemoryUtilSun
Event: 5.378 loading class org/lwjgl/MemoryUtilSun done
Event: 5.378 loading class org/lwjgl/MemoryUtilSun$AccessorReflectFast
Event: 5.378 loading class org/lwjgl/MemoryUtilSun$AccessorReflectFast done
Event: 5.426 loading class org/lwjgl/openal/ALCdevice
Event: 5.426 loading class org/lwjgl/openal/ALCdevice done
Event: 5.427 loading class org/lwjgl/openal/ALCcontext
Event: 5.427 loading class org/lwjgl/openal/ALCcontext done
Event: 5.428 loading class org/lwjgl/openal/Util
Event: 5.428 loading class org/lwjgl/openal/Util done
Event: 5.429 loading class org/lwjgl/openal/OpenALException
Event: 5.429 loading class org/lwjgl/openal/OpenALException done


Dynamic libraries:
0x00007ff659d40000 - 0x00007ff659d4d000 	C:\Program Files\AdoptOpenJDK\jdk-11.0.10.9-hotspot\bin\javaw.exe
0x00007ffb67170000 - 0x00007ffb67365000 	C:\WINDOWS\SYSTEM32\ntdll.dll
0x00007ffb660a0000 - 0x00007ffb6615d000 	C:\WINDOWS\System32\KERNEL32.DLL
0x00007ffb64c90000 - 0x00007ffb64f58000 	C:\WINDOWS\System32\KERNELBASE.dll
0x00007ffb64990000 - 0x00007ffb64a90000 	C:\WINDOWS\System32\ucrtbase.dll
0x00007ffb53090000 - 0x00007ffb530a5000 	C:\Program Files\AdoptOpenJDK\jdk-11.0.10.9-hotspot\bin\VCRUNTIME140.dll
0x00007ffb58fb0000 - 0x00007ffb58fc7000 	C:\Program Files\AdoptOpenJDK\jdk-11.0.10.9-hotspot\bin\jli.dll
0x00007ffb66160000 - 0x00007ffb66300000 	C:\WINDOWS\System32\USER32.dll
0x00007ffb4fa00000 - 0x00007ffb4fc9a000 	C:\WINDOWS\WinSxS\amd64_microsoft.windows.common-controls_6595b64144ccf1df_6.0.19041.844_none_ca00b6081b84eb1d\COMCTL32.dll
0x00007ffb64930000 - 0x00007ffb64952000 	C:\WINDOWS\System32\win32u.dll
0x00007ffb653a0000 - 0x00007ffb6543e000 	C:\WINDOWS\System32\msvcrt.dll
0x00007ffb66b40000 - 0x00007ffb66b6a000 	C:\WINDOWS\System32\GDI32.dll
0x00007ffb650c0000 - 0x00007ffb651cb000 	C:\WINDOWS\System32\gdi32full.dll
0x00007ffb64a90000 - 0x00007ffb64b2d000 	C:\WINDOWS\System32\msvcp_win.dll
0x00007ffb65cb0000 - 0x00007ffb65ce0000 	C:\WINDOWS\System32\IMM32.DLL
0x00007ffb49690000 - 0x00007ffb4972b000 	C:\Program Files\AdoptOpenJDK\jdk-11.0.10.9-hotspot\bin\msvcp140.dll
0x00007ffb133a0000 - 0x00007ffb13ee3000 	C:\Program Files\AdoptOpenJDK\jdk-11.0.10.9-hotspot\bin\server\jvm.dll
0x00007ffb654b0000 - 0x00007ffb6555c000 	C:\WINDOWS\System32\ADVAPI32.dll
0x00007ffb66480000 - 0x00007ffb6651b000 	C:\WINDOWS\System32\sechost.dll
0x00007ffb651f0000 - 0x00007ffb6531b000 	C:\WINDOWS\System32\RPCRT4.dll
0x00007ffb66ec0000 - 0x00007ffb66ec8000 	C:\WINDOWS\System32\PSAPI.DLL
0x00007ffb60090000 - 0x00007ffb60099000 	C:\WINDOWS\SYSTEM32\WSOCK32.dll
0x00007ffb5dce0000 - 0x00007ffb5dcea000 	C:\WINDOWS\SYSTEM32\VERSION.dll
0x00007ffb65440000 - 0x00007ffb654ab000 	C:\WINDOWS\System32\WS2_32.dll
0x00007ffb5b1a0000 - 0x00007ffb5b1c7000 	C:\WINDOWS\SYSTEM32\WINMM.dll
0x00007ffb63180000 - 0x00007ffb63192000 	C:\WINDOWS\SYSTEM32\kernel.appcore.dll
0x00007ffb60040000 - 0x00007ffb60050000 	C:\Program Files\AdoptOpenJDK\jdk-11.0.10.9-hotspot\bin\verify.dll
0x00007ffb62f60000 - 0x00007ffb63144000 	C:\WINDOWS\SYSTEM32\DBGHELP.DLL
0x00007ffb4fce0000 - 0x00007ffb4fd0c000 	C:\WINDOWS\SYSTEM32\dbgcore.DLL
0x00007ffb648b0000 - 0x00007ffb64930000 	C:\WINDOWS\System32\bcryptPrimitives.dll
0x00007ffb499c0000 - 0x00007ffb499e8000 	C:\Program Files\AdoptOpenJDK\jdk-11.0.10.9-hotspot\bin\java.dll
0x00007ffb5f9c0000 - 0x00007ffb5f9ca000 	C:\Program Files\AdoptOpenJDK\jdk-11.0.10.9-hotspot\bin\jimage.dll
0x00007ffb58d40000 - 0x00007ffb58d57000 	C:\Program Files\AdoptOpenJDK\jdk-11.0.10.9-hotspot\bin\zip.dll
0x00007ffb65560000 - 0x00007ffb65ca2000 	C:\WINDOWS\System32\SHELL32.dll
0x00007ffb627d0000 - 0x00007ffb62f60000 	C:\WINDOWS\SYSTEM32\windows.storage.dll
0x00007ffb65d40000 - 0x00007ffb66095000 	C:\WINDOWS\System32\combase.dll
0x00007ffb64250000 - 0x00007ffb6427c000 	C:\WINDOWS\SYSTEM32\Wldp.dll
0x00007ffb66ed0000 - 0x00007ffb66f7e000 	C:\WINDOWS\System32\SHCORE.dll
0x00007ffb66520000 - 0x00007ffb66575000 	C:\WINDOWS\System32\shlwapi.dll
0x00007ffb647f0000 - 0x00007ffb6480f000 	C:\WINDOWS\SYSTEM32\profapi.dll
0x00007ffb53020000 - 0x00007ffb53039000 	C:\Program Files\AdoptOpenJDK\jdk-11.0.10.9-hotspot\bin\net.dll
0x00007ffb59290000 - 0x00007ffb5939b000 	C:\WINDOWS\SYSTEM32\WINHTTP.dll
0x00007ffb63fc0000 - 0x00007ffb6402a000 	C:\WINDOWS\system32\mswsock.dll
0x00007ffb52fe0000 - 0x00007ffb52ff2000 	C:\Program Files\AdoptOpenJDK\jdk-11.0.10.9-hotspot\bin\nio.dll
0x0000000065580000 - 0x0000000065616000 	C:\Users\Matias\AppData\Local\Temp\libgdxMatias\12dfaa03\gdx64.dll
0x00007ffb64190000 - 0x00007ffb641a8000 	C:\WINDOWS\SYSTEM32\CRYPTSP.dll
0x00007ffb63960000 - 0x00007ffb63994000 	C:\WINDOWS\system32\rsaenh.dll
0x00007ffb64960000 - 0x00007ffb64987000 	C:\WINDOWS\System32\bcrypt.dll
0x00007ffb64770000 - 0x00007ffb6479e000 	C:\WINDOWS\SYSTEM32\USERENV.dll
0x00007ffb641b0000 - 0x00007ffb641bc000 	C:\WINDOWS\SYSTEM32\CRYPTBASE.dll
0x00007ffb63cb0000 - 0x00007ffb63ceb000 	C:\WINDOWS\SYSTEM32\IPHLPAPI.DLL
0x00007ffb66de0000 - 0x00007ffb66de8000 	C:\WINDOWS\System32\NSI.dll
0x00007ffb5d1b0000 - 0x00007ffb5d1c7000 	C:\WINDOWS\SYSTEM32\dhcpcsvc6.DLL
0x00007ffb5d190000 - 0x00007ffb5d1ad000 	C:\WINDOWS\SYSTEM32\dhcpcsvc.DLL
0x00007ffb63cf0000 - 0x00007ffb63dbc000 	C:\WINDOWS\SYSTEM32\DNSAPI.dll
0x0000000180000000 - 0x0000000180053000 	C:\Users\Matias\AppData\Local\Temp\libgdxMatias\dc0f0009\lwjgl64.dll
0x00007ffb49430000 - 0x00007ffb49556000 	C:\WINDOWS\SYSTEM32\OPENGL32.dll
0x00007ffb53060000 - 0x00007ffb5308c000 	C:\WINDOWS\SYSTEM32\GLU32.dll
0x000001ab7a1a0000 - 0x000001ab7a204000 	C:\Users\Matias\AppData\Local\Temp\libgdxMatias\dc0f0009\OpenAL64.dll
0x00007ffb66cb0000 - 0x00007ffb66dda000 	C:\WINDOWS\System32\ole32.dll
0x00007ffb61fb0000 - 0x00007ffb6204e000 	C:\WINDOWS\system32\uxtheme.dll
0x00007ffb66c00000 - 0x00007ffb66ca9000 	C:\WINDOWS\System32\clbcatq.dll
0x00007ffb49040000 - 0x00007ffb490dc000 	C:\WINDOWS\SYSTEM32\dsound.dll
0x00007ffb64720000 - 0x00007ffb6476b000 	C:\WINDOWS\SYSTEM32\powrprof.dll
0x00007ffb52e20000 - 0x00007ffb52e46000 	C:\WINDOWS\SYSTEM32\winmmbase.dll
0x00007ffb64700000 - 0x00007ffb64712000 	C:\WINDOWS\SYSTEM32\UMPDC.dll
0x00007ffb5cf00000 - 0x00007ffb5cf85000 	C:\WINDOWS\System32\MMDevApi.dll
0x00007ffb64590000 - 0x00007ffb645bc000 	C:\WINDOWS\System32\DEVOBJ.dll
0x00007ffb64c40000 - 0x00007ffb64c8e000 	C:\WINDOWS\System32\cfgmgr32.dll
0x00007ffb5cf90000 - 0x00007ffb5d111000 	C:\WINDOWS\SYSTEM32\AUDIOSES.DLL
0x00007ffb66df0000 - 0x00007ffb66ebd000 	C:\WINDOWS\System32\OLEAUT32.dll

dbghelp: loaded successfully - version: 4.0.5 - missing functions: none
symbol engine: initialized successfully - sym options: 0x614 - pdb path: .;C:\Program Files\AdoptOpenJDK\jdk-11.0.10.9-hotspot\bin;C:\WINDOWS\SYSTEM32;C:\WINDOWS\WinSxS\amd64_microsoft.windows.common-controls_6595b64144ccf1df_6.0.19041.844_none_ca00b6081b84eb1d;C:\Program Files\AdoptOpenJDK\jdk-11.0.10.9-hotspot\bin\server;C:\Users\Matias\AppData\Local\Temp\libgdxMatias\12dfaa03;C:\Users\Matias\AppData\Local\Temp\libgdxMatias\dc0f0009

VM Arguments:
jvm_args: -Duser.language=es_AR -Dfile.encoding=UTF-8 
java_command: org.uqbar.project.wollok.launch.WollokLauncher -requestsPort 0 -eventsPort 0 -folder -dontValidate -coercingStrategy decimals -wf src/juego.wpgm -darkMode
java_class_path (initial): C:\Users\Matias\Desktop\Unsam\2021\Algoritmos I\wollok-win32.win32.x86_64\workspace\git\2021s1-tp-grupal-juego-les-dieguites\bin;C:\Users\Matias\Desktop\Unsam\2021\Algoritmos I\wollok-win32.win32.x86_64\plugins\com.ibm.icu_64.2.0.v20190507-1337.jar;C:\Users\Matias\Desktop\Unsam\2021\Algoritmos I\wollok-win32.win32.x86_64\plugins\org.eclipse.xtext_2.20.0.v20191202-0915.jar;C:\Users\Matias\Desktop\Unsam\2021\Algoritmos I\wollok-win32.win32.x86_64\plugins\org.eclipse.emf.ecore.xmi_2.16.0.v20190528-0725.jar;C:\Users\Matias\Desktop\Unsam\2021\Algoritmos I\wollok-win32.win32.x86_64\plugins\org.eclipse.emf.ecore_2.20.0.v20190920-0401.jar;C:\Users\Matias\Desktop\Unsam\2021\Algoritmos I\wollok-win32.win32.x86_64\plugins\org.eclipse.emf.common_2.17.0.v20190920-0401.jar;C:\Users\Matias\Desktop\Unsam\2021\Algoritmos I\wollok-win32.win32.x86_64\plugins\org.antlr.runtime_3.2.0.v201101311130.jar;C:\Users\Matias\Desktop\Unsam\2021\Algoritmos I\wollok-win32.win32.x86_64\plugins\com.google.inject_3.0.0.v201605172100.jar;C:\Users\Matias\Desktop\Unsam\2021\Algoritmos I\wollok-win32.win32.x86_64\plugins\org.eclipse.emf.mwe.core_1.5.1.v20191121-1148.jar;C:\Users\Matias\Desktop\Unsam\2021\Algoritmos I\wollok-win32.win32.x86_64\plugins\org.apache.commons.cli_1.2.0.v201404270220.jar;C:\Users\Matias\Desktop\Unsam\2021\Algoritmos I\wollok-win32.win32.x86_64\plugins\org.eclipse.emf.mwe2.runtime_2.11.1.v20191121-1148.jar;C:\Users\Matias\Desktop\Unsam\2021\Algoritmos I\wollok-win32.win32.x86_64\plugins\org.eclipse.emf.mwe.utils_1.5.1.v20191121-1148.jar;C:\Users\Matias\Desktop\Unsam\2021\Algoritmos I\wollok-win32.win32.x86_64\plugins\org.eclipse.xtext.util_2.20.0.v20191202-0915.jar;C:\Users\Matias\Desktop\Unsam\2021\Algoritmos I\wollok-win32.win32.x86_64\plugins\com.google.guava_27.1.0.v20190517-1946.jar;C:\Users\Matias\Desktop\Unsam\2021\Algoritmos I\wollok-win32.win32.x86_64\plugins\javax.inject_1.0.0.v20091030.jar;C:\Users\Matias\Desktop\Unsam\2021\Algoritmos I\wol
Launcher Type: SUN_STANDARD

[Global flags]
     intx CICompilerCount                          = 4                                         {product} {ergonomic}
     uint ConcGCThreads                            = 2                                         {product} {ergonomic}
     uint G1ConcRefinementThreads                  = 8                                         {product} {ergonomic}
   size_t G1HeapRegionSize                         = 1048576                                   {product} {ergonomic}
    uintx GCDrainStackTargetSize                   = 64                                        {product} {ergonomic}
   size_t InitialHeapSize                          = 301989888                                 {product} {ergonomic}
   size_t MarkStackSize                            = 4194304                                   {product} {ergonomic}
   size_t MaxHeapSize                              = 4817158144                                {product} {ergonomic}
   size_t MaxNewSize                               = 2889875456                                {product} {ergonomic}
   size_t MinHeapDeltaBytes                        = 1048576                                   {product} {ergonomic}
    uintx NonNMethodCodeHeapSize                   = 5836300                                {pd product} {ergonomic}
    uintx NonProfiledCodeHeapSize                  = 122910970                              {pd product} {ergonomic}
    uintx ProfiledCodeHeapSize                     = 122910970                              {pd product} {ergonomic}
    uintx ReservedCodeCacheSize                    = 251658240                              {pd product} {ergonomic}
     bool SegmentedCodeCache                       = true                                      {product} {ergonomic}
     bool UseCompressedClassPointers               = true                                 {lp64_product} {ergonomic}
     bool UseCompressedOops                        = true                                 {lp64_product} {ergonomic}
     bool UseG1GC                                  = true                                      {product} {ergonomic}
     bool UseLargePagesIndividualAllocation        = false                                  {pd product} {ergonomic}

Logging:
Log output configuration:
 #0: stdout all=warning uptime,level,tags
 #1: stderr all=off uptime,level,tags

Environment Variables:
PATH=C:/Program Files/AdoptOpenJDK/jdk-11.0.10.9-hotspot/bin/client;C:/Program Files/AdoptOpenJDK/jdk-11.0.10.9-hotspot/bin;C:\Program Files\AdoptOpenJDK\jdk-11.0.10.9-hotspot\bin;C:\Program Files (x86)\VMware\VMware Workstation\bin\;C:\WINDOWS\system32;C:\WINDOWS;C:\WINDOWS\System32\Wbem;C:\WINDOWS\System32\WindowsPowerShell\v1.0\;C:\WINDOWS\System32\OpenSSH\;C:\Program Files\PuTTY\;C:\Users\Matias\AppData\Local\Microsoft\WindowsApps;;C:\Users\Matias\Desktop\Unsam\2021\Algoritmos I\wollok-win32.win32.x86_64;
USERNAME=Matias
OS=Windows_NT
PROCESSOR_IDENTIFIER=AMD64 Family 23 Model 24 Stepping 1, AuthenticAMD



---------------  S Y S T E M  ---------------

OS: Windows 10 , 64 bit Build 19041 (10.0.19041.928)
OS uptime: 2 days 1:06 hours

CPU:total 8 (initial active 8) (8 cores per cpu, 2 threads per core) family 23 model 24 stepping 1 microcode 0x0, cmov, cx8, fxsr, mmx, sse, sse2, sse3, ssse3, sse4.1, sse4.2, popcnt, avx, avx2, aes, clmul, mmxext, 3dnowpref, lzcnt, sse4a, ht, tsc, tscinvbit, tscinv, bmi1, bmi2, adx, s

Memory: 4k page, system-wide physical 18370M (11355M free)
TotalPageFile size 21186M (AvailPageFile size 10903M)
current process WorkingSet (physical memory assigned to process): 157M, peak: 226M
current process commit charge ("private bytes"): 419M, peak: 493M

vm_info: OpenJDK 64-Bit Server VM (11.0.10+9) for windows-amd64 JRE (11.0.10+9), built on Jan 20 2021 06:07:07 by "" with MS VC++ 15.9 (VS2017)

END.
